#
# There is insufficient memory for the Java Runtime Environment to continue.
# Native memory allocation (mmap) failed to map 67108864 bytes for Failed to commit area from 0x00000006d6600000 to 0x00000006da600000 of length 67108864.
# Possible reasons:
#   The system is out of physical RAM or swap space
#   The process is running with CompressedOops enabled, and the Java Heap may be blocking the growth of the native heap
# Possible solutions:
#   Reduce memory load on the system
#   Increase physical memory or swap space
#   Check if swap backing store is full
#   Decrease Java heap size (-Xmx/-Xms)
#   Decrease number of Java threads
#   Decrease Java thread stack sizes (-Xss)
#   Set larger code cache with -XX:ReservedCodeCacheSize=
#   JVM is running with Zero Based Compressed Oops mode in which the Java heap is
#     placed in the first 32GB address space. The Java Heap base address is the
#     maximum limit for the native heap growth. Please use -XX:HeapBaseMinAddress
#     to set the Java Heap base and to place the Java Heap above 32GB virtual address.
# This output file may be truncated or incomplete.
#
#  Out of Memory Error (./src/hotspot/os/windows/os_windows.cpp:3386), pid=17808, tid=11764
#
# JRE version: OpenJDK Runtime Environment Zulu11.62+17-CA (11.0.18+10) (build 11.0.18+10-LTS)
# Java VM: OpenJDK 64-Bit Server VM Zulu11.62+17-CA (11.0.18+10-LTS, mixed mode, tiered, compressed oops, g1 gc, windows-amd64)
# No core dump will be written. Minidumps are not enabled by default on client versions of Windows
#

---------------  S U M M A R Y ------------

Command Line: -javaagent:C:\Program Files\JetBrains\IntelliJ IDEA Community Edition 2022.1.1\lib\idea_rt.jar=64770:C:\Program Files\JetBrains\IntelliJ IDEA Community Edition 2022.1.1\bin -Dfile.encoding=UTF-8 br.com.imobio.ImobioApplication

Host: Intel(R) Core(TM) i7-10510U CPU @ 1.80GHz, 8 cores, 19G,  Windows 11 , 64 bit Build 22621 (10.0.22621.1194)
Time: Mon Mar  6 08:34:23 2023 Hora Padrão da Bahia elapsed time: 5.269732 seconds (0d 0h 0m 5s)

---------------  T H R E A D  ---------------

Current thread (0x000001798df90000):  VMThread "VM Thread" [stack: 0x00000015b9400000,0x00000015b9500000] [id=11764]

Stack: [0x00000015b9400000,0x00000015b9500000]
[error occurred during error reporting (printing stack bounds), id 0xc0000005, EXCEPTION_ACCESS_VIOLATION (0xc0000005) at pc=0x00000179f039112d]

Native frames: (J=compiled Java code, j=interpreted, Vv=VM code, C=native code)
V  [jvm.dll+0x62bdca]
V  [jvm.dll+0x7b9bc9]
V  [jvm.dll+0x7bb2b8]
V  [jvm.dll+0x7bb8f5]
V  [jvm.dll+0x7bb8ab]
V  [jvm.dll+0x62b157]
V  [jvm.dll+0x62b868]
C  [ntdll.dll+0xa3eaf]
C  [ntdll.dll+0x1eae6]
C  [ntdll.dll+0xa2e9e]
C  0x00000179f039112d

VM_Operation (0x00000015b8efc4f0): CollectForMetadataAllocation, mode: safepoint, requested by thread 0x00000179e7b8d000


---------------  P R O C E S S  ---------------

Threads class SMR info:
_java_thread_list=0x0000017994d8b640, length=18, elements={
0x00000179e7b8d000, 0x000001798e89e000, 0x000001798e8a8000, 0x000001798e8f5800,
0x000001798e8f6000, 0x000001798e8fa000, 0x000001798e8fb800, 0x000001798e902800,
0x000001798e906800, 0x000001798df4a000, 0x000001798ea9f000, 0x000001798eefa800,
0x000001799208f000, 0x0000017992fa9800, 0x00000179924e4000, 0x0000017994d0c800,
0x0000017993306800, 0x000001799198d800
}

Java Threads: ( => current thread )
  0x00000179e7b8d000 JavaThread "main" [_thread_blocked, id=10924, stack(0x00000015b8e00000,0x00000015b8f00000)]
  0x000001798e89e000 JavaThread "Reference Handler" daemon [_thread_blocked, id=9972, stack(0x00000015b9500000,0x00000015b9600000)]
  0x000001798e8a8000 JavaThread "Finalizer" daemon [_thread_blocked, id=18324, stack(0x00000015b9600000,0x00000015b9700000)]
  0x000001798e8f5800 JavaThread "Signal Dispatcher" daemon [_thread_blocked, id=20048, stack(0x00000015b9700000,0x00000015b9800000)]
  0x000001798e8f6000 JavaThread "Attach Listener" daemon [_thread_blocked, id=14112, stack(0x00000015b9800000,0x00000015b9900000)]
  0x000001798e8fa000 JavaThread "Service Thread" daemon [_thread_blocked, id=31108, stack(0x00000015b9900000,0x00000015b9a00000)]
  0x000001798e8fb800 JavaThread "C2 CompilerThread0" daemon [_thread_in_native, id=26596, stack(0x00000015b9a00000,0x00000015b9b00000)]
  0x000001798e902800 JavaThread "C1 CompilerThread0" daemon [_thread_blocked, id=1240, stack(0x00000015b9b00000,0x00000015b9c00000)]
  0x000001798e906800 JavaThread "Sweeper thread" daemon [_thread_blocked, id=2608, stack(0x00000015b9c00000,0x00000015b9d00000)]
  0x000001798df4a000 JavaThread "Common-Cleaner" daemon [_thread_blocked, id=31144, stack(0x00000015b9d00000,0x00000015b9e00000)]
  0x000001798ea9f000 JavaThread "C2 CompilerThread1" daemon [_thread_blocked, id=29640, stack(0x00000015b9e00000,0x00000015b9f00000)]
  0x000001798eefa800 JavaThread "Monitor Ctrl-Break" daemon [_thread_in_native, id=30064, stack(0x00000015b9f00000,0x00000015ba000000)]
  0x000001799208f000 JavaThread "C2 CompilerThread2" daemon [_thread_blocked, id=16768, stack(0x00000015ba700000,0x00000015ba800000)]
  0x0000017992fa9800 JavaThread "Catalina-utility-1" [_thread_blocked, id=24920, stack(0x00000015ba800000,0x00000015ba900000)]
  0x00000179924e4000 JavaThread "Catalina-utility-2" [_thread_blocked, id=3176, stack(0x00000015baa00000,0x00000015bab00000)]
  0x0000017994d0c800 JavaThread "container-0" [_thread_blocked, id=26180, stack(0x00000015bab00000,0x00000015bac00000)]
  0x0000017993306800 JavaThread "HikariPool-1 housekeeper" daemon [_thread_blocked, id=28492, stack(0x00000015bad00000,0x00000015bae00000)]
  0x000001799198d800 JavaThread "HikariPool-1 connection adder" daemon [_thread_blocked, id=29976, stack(0x00000015bae00000,0x00000015baf00000)]

Other Threads:
=>0x000001798df90000 VMThread "VM Thread" [stack: 0x00000015b9400000,0x00000015b9500000] [id=11764]
  0x000001798ee11800 WatcherThread [stack: 0x00000015ba000000,0x00000015ba100000] [id=19560]
  0x00000179e7ba5000 GCTaskThread "GC Thread#0" [stack: 0x00000015b8f00000,0x00000015b9000000] [id=33308]
  0x000001798f9f2000 GCTaskThread "GC Thread#1" [stack: 0x00000015ba100000,0x00000015ba200000] [id=13880]
  0x000001798f644800 GCTaskThread "GC Thread#2" [stack: 0x00000015ba200000,0x00000015ba300000] [id=8236]
  0x000001798f79e800 GCTaskThread "GC Thread#3" [stack: 0x00000015ba300000,0x00000015ba400000] [id=33304]
  0x000001798fbe4800 GCTaskThread "GC Thread#4" [stack: 0x00000015ba400000,0x00000015ba500000] [id=26284]
  0x000001798fbe5000 GCTaskThread "GC Thread#5" [stack: 0x00000015ba500000,0x00000015ba600000] [id=32696]
  0x000001798f9b6000 GCTaskThread "GC Thread#6" [stack: 0x00000015ba600000,0x00000015ba700000] [id=32952]
  0x0000017993971800 GCTaskThread "GC Thread#7" [stack: 0x00000015baf00000,0x00000015bb000000] [id=22972]
  0x00000179e7c13800 ConcurrentGCThread "G1 Main Marker" [stack: 0x00000015b9000000,0x00000015b9100000] [id=23324]
  0x00000179e7c15800 ConcurrentGCThread "G1 Conc#0" [stack: 0x00000015b9100000,0x00000015b9200000] [id=25228]
  0x0000017990099000 ConcurrentGCThread "G1 Conc#1" [stack: 0x00000015ba900000,0x00000015baa00000] [id=4040]
  0x000001798ded4000 ConcurrentGCThread "G1 Refine#0" [stack: 0x00000015b9200000,0x00000015b9300000] [id=27896]
  0x000001798ded8000 ConcurrentGCThread "G1 Young RemSet Sampling" [stack: 0x00000015b9300000,0x00000015b9400000] [id=10180]

Threads with active compile tasks:
C2 CompilerThread0     5285 5010       4       java.net.URLStreamHandler::parseURL (1201 bytes)

VM state:at safepoint (normal execution)

VM Mutex/Monitor currently owned by a thread:  ([mutex/lock_event])
[0x00000179e7b889c0] Threads_lock - owner thread: 0x000001798df90000
[0x00000179e7b88e40] Heap_lock - owner thread: 0x00000179e7b8d000

Heap address: 0x00000006c2800000, size: 5080 MB, Compressed Oops mode: Zero based, Oop shift amount: 3
Narrow klass base: 0x0000000800000000, Narrow klass shift: 0
Compressed class space size: 1073741824 Address: 0x0000000800000000

Heap:
 garbage-first heap   total 391168K, used 22250K [0x00000006c2800000, 0x0000000800000000)
  region size 1024K, 15 young (15360K), 15 survivors (15360K)
 Metaspace       used 58871K, capacity 60104K, committed 60160K, reserved 1101824K
  class space    used 7407K, capacity 7908K, committed 7936K, reserved 1048576K
Heap Regions: E=young(eden), S=young(survivor), O=old, HS=humongous(starts), HC=humongous(continues), CS=collection set, F=free, A=archive, TAMS=top-at-mark-start (previous, next)
|   0|0x00000006c2800000, 0x00000006c2900000, 0x00000006c2900000|100%|HS|  |TAMS 0x00000006c2900000, 0x00000006c2900000| Complete 
|   1|0x00000006c2900000, 0x00000006c2a00000, 0x00000006c2a00000|100%| O|  |TAMS 0x00000006c2a00000, 0x00000006c2a00000| Untracked 
|   2|0x00000006c2a00000, 0x00000006c2b00000, 0x00000006c2b00000|100%| O|  |TAMS 0x00000006c2b00000, 0x00000006c2b00000| Untracked 
|   3|0x00000006c2b00000, 0x00000006c2c00000, 0x00000006c2c00000|100%| O|  |TAMS 0x00000006c2c00000, 0x00000006c2c00000| Untracked 
|   4|0x00000006c2c00000, 0x00000006c2d00000, 0x00000006c2d00000|100%| O|  |TAMS 0x00000006c2d00000, 0x00000006c2d00000| Untracked 
|   5|0x00000006c2d00000, 0x00000006c2e00000, 0x00000006c2e00000|100%| O|  |TAMS 0x00000006c2e00000, 0x00000006c2e00000| Untracked 
|   6|0x00000006c2e00000, 0x00000006c2f00000, 0x00000006c2f00000|100%| O|  |TAMS 0x00000006c2f00000, 0x00000006c2f00000| Untracked 
|   7|0x00000006c2f00000, 0x00000006c2f3f600, 0x00000006c3000000| 24%| O|  |TAMS 0x00000006c2f3f600, 0x00000006c2f3f600| Untracked 
|   8|0x00000006c3000000, 0x00000006c3000000, 0x00000006c3100000|  0%| F|  |TAMS 0x00000006c3000000, 0x00000006c3000000| Untracked 
|   9|0x00000006c3100000, 0x00000006c3100000, 0x00000006c3200000|  0%| F|  |TAMS 0x00000006c3100000, 0x00000006c3100000| Untracked 
|  10|0x00000006c3200000, 0x00000006c3200000, 0x00000006c3300000|  0%| F|  |TAMS 0x00000006c3200000, 0x00000006c3200000| Untracked 
|  11|0x00000006c3300000, 0x00000006c3300000, 0x00000006c3400000|  0%| F|  |TAMS 0x00000006c3300000, 0x00000006c3300000| Untracked 
|  12|0x00000006c3400000, 0x00000006c3400000, 0x00000006c3500000|  0%| F|  |TAMS 0x00000006c3400000, 0x00000006c3400000| Untracked 
|  13|0x00000006c3500000, 0x00000006c3500000, 0x00000006c3600000|  0%| F|  |TAMS 0x00000006c3500000, 0x00000006c3500000| Untracked 
|  14|0x00000006c3600000, 0x00000006c3600000, 0x00000006c3700000|  0%| F|  |TAMS 0x00000006c3600000, 0x00000006c3600000| Untracked 
|  15|0x00000006c3700000, 0x00000006c3700000, 0x00000006c3800000|  0%| F|  |TAMS 0x00000006c3700000, 0x00000006c3700000| Untracked 
|  16|0x00000006c3800000, 0x00000006c3800000, 0x00000006c3900000|  0%| F|  |TAMS 0x00000006c3800000, 0x00000006c3800000| Untracked 
|  17|0x00000006c3900000, 0x00000006c3900000, 0x00000006c3a00000|  0%| F|  |TAMS 0x00000006c3900000, 0x00000006c3900000| Untracked 
|  18|0x00000006c3a00000, 0x00000006c3a00000, 0x00000006c3b00000|  0%| F|  |TAMS 0x00000006c3a00000, 0x00000006c3a00000| Untracked 
|  19|0x00000006c3b00000, 0x00000006c3b00000, 0x00000006c3c00000|  0%| F|  |TAMS 0x00000006c3b00000, 0x00000006c3b00000| Untracked 
|  20|0x00000006c3c00000, 0x00000006c3c00000, 0x00000006c3d00000|  0%| F|  |TAMS 0x00000006c3c00000, 0x00000006c3c00000| Untracked 
|  21|0x00000006c3d00000, 0x00000006c3d00000, 0x00000006c3e00000|  0%| F|  |TAMS 0x00000006c3d00000, 0x00000006c3d00000| Untracked 
|  22|0x00000006c3e00000, 0x00000006c3e00000, 0x00000006c3f00000|  0%| F|  |TAMS 0x00000006c3e00000, 0x00000006c3e00000| Untracked 
|  23|0x00000006c3f00000, 0x00000006c3f00000, 0x00000006c4000000|  0%| F|  |TAMS 0x00000006c3f00000, 0x00000006c3f00000| Untracked 
|  24|0x00000006c4000000, 0x00000006c4000000, 0x00000006c4100000|  0%| F|  |TAMS 0x00000006c4000000, 0x00000006c4000000| Untracked 
|  25|0x00000006c4100000, 0x00000006c4100000, 0x00000006c4200000|  0%| F|  |TAMS 0x00000006c4100000, 0x00000006c4100000| Untracked 
|  26|0x00000006c4200000, 0x00000006c4200000, 0x00000006c4300000|  0%| F|  |TAMS 0x00000006c4200000, 0x00000006c4200000| Untracked 
|  27|0x00000006c4300000, 0x00000006c4300000, 0x00000006c4400000|  0%| F|  |TAMS 0x00000006c4300000, 0x00000006c4300000| Untracked 
|  28|0x00000006c4400000, 0x00000006c4400000, 0x00000006c4500000|  0%| F|  |TAMS 0x00000006c4400000, 0x00000006c4400000| Untracked 
|  29|0x00000006c4500000, 0x00000006c4500000, 0x00000006c4600000|  0%| F|  |TAMS 0x00000006c4500000, 0x00000006c4500000| Untracked 
|  30|0x00000006c4600000, 0x00000006c4600000, 0x00000006c4700000|  0%| F|  |TAMS 0x00000006c4600000, 0x00000006c4600000| Untracked 
|  31|0x00000006c4700000, 0x00000006c4700000, 0x00000006c4800000|  0%| F|  |TAMS 0x00000006c4700000, 0x00000006c4700000| Untracked 
|  32|0x00000006c4800000, 0x00000006c4800000, 0x00000006c4900000|  0%| F|  |TAMS 0x00000006c4800000, 0x00000006c4800000| Untracked 
|  33|0x00000006c4900000, 0x00000006c4900000, 0x00000006c4a00000|  0%| F|  |TAMS 0x00000006c4900000, 0x00000006c4900000| Untracked 
|  34|0x00000006c4a00000, 0x00000006c4a00000, 0x00000006c4b00000|  0%| F|  |TAMS 0x00000006c4a00000, 0x00000006c4a00000| Untracked 
|  35|0x00000006c4b00000, 0x00000006c4b00000, 0x00000006c4c00000|  0%| F|  |TAMS 0x00000006c4b00000, 0x00000006c4b00000| Untracked 
|  36|0x00000006c4c00000, 0x00000006c4c00000, 0x00000006c4d00000|  0%| F|  |TAMS 0x00000006c4c00000, 0x00000006c4c00000| Untracked 
|  37|0x00000006c4d00000, 0x00000006c4d00000, 0x00000006c4e00000|  0%| F|  |TAMS 0x00000006c4d00000, 0x00000006c4d00000| Untracked 
|  38|0x00000006c4e00000, 0x00000006c4e00000, 0x00000006c4f00000|  0%| F|  |TAMS 0x00000006c4e00000, 0x00000006c4e00000| Untracked 
|  39|0x00000006c4f00000, 0x00000006c4f00000, 0x00000006c5000000|  0%| F|  |TAMS 0x00000006c4f00000, 0x00000006c4f00000| Untracked 
|  40|0x00000006c5000000, 0x00000006c5000000, 0x00000006c5100000|  0%| F|  |TAMS 0x00000006c5000000, 0x00000006c5000000| Untracked 
|  41|0x00000006c5100000, 0x00000006c5100000, 0x00000006c5200000|  0%| F|  |TAMS 0x00000006c5100000, 0x00000006c5100000| Untracked 
|  42|0x00000006c5200000, 0x00000006c5200000, 0x00000006c5300000|  0%| F|  |TAMS 0x00000006c5200000, 0x00000006c5200000| Untracked 
|  43|0x00000006c5300000, 0x00000006c5300000, 0x00000006c5400000|  0%| F|  |TAMS 0x00000006c5300000, 0x00000006c5300000| Untracked 
|  44|0x00000006c5400000, 0x00000006c5400000, 0x00000006c5500000|  0%| F|  |TAMS 0x00000006c5400000, 0x00000006c5400000| Untracked 
|  45|0x00000006c5500000, 0x00000006c5500000, 0x00000006c5600000|  0%| F|  |TAMS 0x00000006c5500000, 0x00000006c5500000| Untracked 
|  46|0x00000006c5600000, 0x00000006c5600000, 0x00000006c5700000|  0%| F|  |TAMS 0x00000006c5600000, 0x00000006c5600000| Untracked 
|  47|0x00000006c5700000, 0x00000006c5700000, 0x00000006c5800000|  0%| F|  |TAMS 0x00000006c5700000, 0x00000006c5700000| Untracked 
|  48|0x00000006c5800000, 0x00000006c5800000, 0x00000006c5900000|  0%| F|  |TAMS 0x00000006c5800000, 0x00000006c5800000| Untracked 
|  49|0x00000006c5900000, 0x00000006c5900000, 0x00000006c5a00000|  0%| F|  |TAMS 0x00000006c5900000, 0x00000006c5900000| Untracked 
|  50|0x00000006c5a00000, 0x00000006c5a00000, 0x00000006c5b00000|  0%| F|  |TAMS 0x00000006c5a00000, 0x00000006c5a00000| Untracked 
|  51|0x00000006c5b00000, 0x00000006c5b00000, 0x00000006c5c00000|  0%| F|  |TAMS 0x00000006c5b00000, 0x00000006c5b00000| Untracked 
|  52|0x00000006c5c00000, 0x00000006c5c00000, 0x00000006c5d00000|  0%| F|  |TAMS 0x00000006c5c00000, 0x00000006c5c00000| Untracked 
|  53|0x00000006c5d00000, 0x00000006c5d00000, 0x00000006c5e00000|  0%| F|  |TAMS 0x00000006c5d00000, 0x00000006c5d00000| Untracked 
|  54|0x00000006c5e00000, 0x00000006c5e00000, 0x00000006c5f00000|  0%| F|  |TAMS 0x00000006c5e00000, 0x00000006c5e00000| Untracked 
|  55|0x00000006c5f00000, 0x00000006c5f00000, 0x00000006c6000000|  0%| F|  |TAMS 0x00000006c5f00000, 0x00000006c5f00000| Untracked 
|  56|0x00000006c6000000, 0x00000006c6000000, 0x00000006c6100000|  0%| F|  |TAMS 0x00000006c6000000, 0x00000006c6000000| Untracked 
|  57|0x00000006c6100000, 0x00000006c6100000, 0x00000006c6200000|  0%| F|  |TAMS 0x00000006c6100000, 0x00000006c6100000| Untracked 
|  58|0x00000006c6200000, 0x00000006c6200000, 0x00000006c6300000|  0%| F|  |TAMS 0x00000006c6200000, 0x00000006c6200000| Untracked 
|  59|0x00000006c6300000, 0x00000006c6300000, 0x00000006c6400000|  0%| F|  |TAMS 0x00000006c6300000, 0x00000006c6300000| Untracked 
|  60|0x00000006c6400000, 0x00000006c6400000, 0x00000006c6500000|  0%| F|  |TAMS 0x00000006c6400000, 0x00000006c6400000| Untracked 
|  61|0x00000006c6500000, 0x00000006c6500000, 0x00000006c6600000|  0%| F|  |TAMS 0x00000006c6500000, 0x00000006c6500000| Untracked 
|  62|0x00000006c6600000, 0x00000006c6600000, 0x00000006c6700000|  0%| F|  |TAMS 0x00000006c6600000, 0x00000006c6600000| Untracked 
|  63|0x00000006c6700000, 0x00000006c6700000, 0x00000006c6800000|  0%| F|  |TAMS 0x00000006c6700000, 0x00000006c6700000| Untracked 
|  64|0x00000006c6800000, 0x00000006c6800000, 0x00000006c6900000|  0%| F|  |TAMS 0x00000006c6800000, 0x00000006c6800000| Untracked 
|  65|0x00000006c6900000, 0x00000006c6900000, 0x00000006c6a00000|  0%| F|  |TAMS 0x00000006c6900000, 0x00000006c6900000| Untracked 
|  66|0x00000006c6a00000, 0x00000006c6a00000, 0x00000006c6b00000|  0%| F|  |TAMS 0x00000006c6a00000, 0x00000006c6a00000| Untracked 
|  67|0x00000006c6b00000, 0x00000006c6b00000, 0x00000006c6c00000|  0%| F|  |TAMS 0x00000006c6b00000, 0x00000006c6b00000| Untracked 
|  68|0x00000006c6c00000, 0x00000006c6c00000, 0x00000006c6d00000|  0%| F|  |TAMS 0x00000006c6c00000, 0x00000006c6c00000| Untracked 
|  69|0x00000006c6d00000, 0x00000006c6d00000, 0x00000006c6e00000|  0%| F|  |TAMS 0x00000006c6d00000, 0x00000006c6d00000| Untracked 
|  70|0x00000006c6e00000, 0x00000006c6e00000, 0x00000006c6f00000|  0%| F|  |TAMS 0x00000006c6e00000, 0x00000006c6e00000| Untracked 
|  71|0x00000006c6f00000, 0x00000006c6f00000, 0x00000006c7000000|  0%| F|  |TAMS 0x00000006c6f00000, 0x00000006c6f00000| Untracked 
|  72|0x00000006c7000000, 0x00000006c7000000, 0x00000006c7100000|  0%| F|  |TAMS 0x00000006c7000000, 0x00000006c7000000| Untracked 
|  73|0x00000006c7100000, 0x00000006c7100000, 0x00000006c7200000|  0%| F|  |TAMS 0x00000006c7100000, 0x00000006c7100000| Untracked 
|  74|0x00000006c7200000, 0x00000006c7200000, 0x00000006c7300000|  0%| F|  |TAMS 0x00000006c7200000, 0x00000006c7200000| Untracked 
|  75|0x00000006c7300000, 0x00000006c7300000, 0x00000006c7400000|  0%| F|  |TAMS 0x00000006c7300000, 0x00000006c7300000| Untracked 
|  76|0x00000006c7400000, 0x00000006c7400000, 0x00000006c7500000|  0%| F|  |TAMS 0x00000006c7400000, 0x00000006c7400000| Untracked 
|  77|0x00000006c7500000, 0x00000006c7500000, 0x00000006c7600000|  0%| F|  |TAMS 0x00000006c7500000, 0x00000006c7500000| Untracked 
|  78|0x00000006c7600000, 0x00000006c7600000, 0x00000006c7700000|  0%| F|  |TAMS 0x00000006c7600000, 0x00000006c7600000| Untracked 
|  79|0x00000006c7700000, 0x00000006c7700000, 0x00000006c7800000|  0%| F|  |TAMS 0x00000006c7700000, 0x00000006c7700000| Untracked 
|  80|0x00000006c7800000, 0x00000006c7800000, 0x00000006c7900000|  0%| F|  |TAMS 0x00000006c7800000, 0x00000006c7800000| Untracked 
|  81|0x00000006c7900000, 0x00000006c7900000, 0x00000006c7a00000|  0%| F|  |TAMS 0x00000006c7900000, 0x00000006c7900000| Untracked 
|  82|0x00000006c7a00000, 0x00000006c7a00000, 0x00000006c7b00000|  0%| F|  |TAMS 0x00000006c7a00000, 0x00000006c7a00000| Untracked 
|  83|0x00000006c7b00000, 0x00000006c7b00000, 0x00000006c7c00000|  0%| F|  |TAMS 0x00000006c7b00000, 0x00000006c7b00000| Untracked 
|  84|0x00000006c7c00000, 0x00000006c7c00000, 0x00000006c7d00000|  0%| F|  |TAMS 0x00000006c7c00000, 0x00000006c7c00000| Untracked 
|  85|0x00000006c7d00000, 0x00000006c7d00000, 0x00000006c7e00000|  0%| F|  |TAMS 0x00000006c7d00000, 0x00000006c7d00000| Untracked 
|  86|0x00000006c7e00000, 0x00000006c7e00000, 0x00000006c7f00000|  0%| F|  |TAMS 0x00000006c7e00000, 0x00000006c7e00000| Untracked 
|  87|0x00000006c7f00000, 0x00000006c7f00000, 0x00000006c8000000|  0%| F|  |TAMS 0x00000006c7f00000, 0x00000006c7f00000| Untracked 
|  88|0x00000006c8000000, 0x00000006c8000000, 0x00000006c8100000|  0%| F|  |TAMS 0x00000006c8000000, 0x00000006c8000000| Untracked 
|  89|0x00000006c8100000, 0x00000006c8100000, 0x00000006c8200000|  0%| F|  |TAMS 0x00000006c8100000, 0x00000006c8100000| Untracked 
|  90|0x00000006c8200000, 0x00000006c8200000, 0x00000006c8300000|  0%| F|  |TAMS 0x00000006c8200000, 0x00000006c8200000| Untracked 
|  91|0x00000006c8300000, 0x00000006c8300000, 0x00000006c8400000|  0%| F|  |TAMS 0x00000006c8300000, 0x00000006c8300000| Untracked 
|  92|0x00000006c8400000, 0x00000006c8400000, 0x00000006c8500000|  0%| F|  |TAMS 0x00000006c8400000, 0x00000006c8400000| Untracked 
|  93|0x00000006c8500000, 0x00000006c8500000, 0x00000006c8600000|  0%| F|  |TAMS 0x00000006c8500000, 0x00000006c8500000| Untracked 
|  94|0x00000006c8600000, 0x00000006c8600000, 0x00000006c8700000|  0%| F|  |TAMS 0x00000006c8600000, 0x00000006c8600000| Untracked 
|  95|0x00000006c8700000, 0x00000006c8700000, 0x00000006c8800000|  0%| F|  |TAMS 0x00000006c8700000, 0x00000006c8700000| Untracked 
|  96|0x00000006c8800000, 0x00000006c8800000, 0x00000006c8900000|  0%| F|  |TAMS 0x00000006c8800000, 0x00000006c8800000| Untracked 
|  97|0x00000006c8900000, 0x00000006c8900000, 0x00000006c8a00000|  0%| F|  |TAMS 0x00000006c8900000, 0x00000006c8900000| Untracked 
|  98|0x00000006c8a00000, 0x00000006c8a00000, 0x00000006c8b00000|  0%| F|  |TAMS 0x00000006c8a00000, 0x00000006c8a00000| Untracked 
|  99|0x00000006c8b00000, 0x00000006c8b00000, 0x00000006c8c00000|  0%| F|  |TAMS 0x00000006c8b00000, 0x00000006c8b00000| Untracked 
| 100|0x00000006c8c00000, 0x00000006c8c00000, 0x00000006c8d00000|  0%| F|  |TAMS 0x00000006c8c00000, 0x00000006c8c00000| Untracked 
| 101|0x00000006c8d00000, 0x00000006c8d00000, 0x00000006c8e00000|  0%| F|  |TAMS 0x00000006c8d00000, 0x00000006c8d00000| Untracked 
| 102|0x00000006c8e00000, 0x00000006c8e00000, 0x00000006c8f00000|  0%| F|  |TAMS 0x00000006c8e00000, 0x00000006c8e00000| Untracked 
| 103|0x00000006c8f00000, 0x00000006c8f00000, 0x00000006c9000000|  0%| F|  |TAMS 0x00000006c8f00000, 0x00000006c8f00000| Untracked 
| 104|0x00000006c9000000, 0x00000006c9000000, 0x00000006c9100000|  0%| F|  |TAMS 0x00000006c9000000, 0x00000006c9000000| Untracked 
| 105|0x00000006c9100000, 0x00000006c9100000, 0x00000006c9200000|  0%| F|  |TAMS 0x00000006c9100000, 0x00000006c9100000| Untracked 
| 106|0x00000006c9200000, 0x00000006c9200000, 0x00000006c9300000|  0%| F|  |TAMS 0x00000006c9200000, 0x00000006c9200000| Untracked 
| 107|0x00000006c9300000, 0x00000006c9300000, 0x00000006c9400000|  0%| F|  |TAMS 0x00000006c9300000, 0x00000006c9300000| Untracked 
| 108|0x00000006c9400000, 0x00000006c9400000, 0x00000006c9500000|  0%| F|  |TAMS 0x00000006c9400000, 0x00000006c9400000| Untracked 
| 109|0x00000006c9500000, 0x00000006c9500000, 0x00000006c9600000|  0%| F|  |TAMS 0x00000006c9500000, 0x00000006c9500000| Untracked 
| 110|0x00000006c9600000, 0x00000006c9600000, 0x00000006c9700000|  0%| F|  |TAMS 0x00000006c9600000, 0x00000006c9600000| Untracked 
| 111|0x00000006c9700000, 0x00000006c9700000, 0x00000006c9800000|  0%| F|  |TAMS 0x00000006c9700000, 0x00000006c9700000| Untracked 
| 112|0x00000006c9800000, 0x00000006c9800000, 0x00000006c9900000|  0%| F|  |TAMS 0x00000006c9800000, 0x00000006c9800000| Untracked 
| 113|0x00000006c9900000, 0x00000006c9900000, 0x00000006c9a00000|  0%| F|  |TAMS 0x00000006c9900000, 0x00000006c9900000| Untracked 
| 114|0x00000006c9a00000, 0x00000006c9a00000, 0x00000006c9b00000|  0%| F|  |TAMS 0x00000006c9a00000, 0x00000006c9a00000| Untracked 
| 115|0x00000006c9b00000, 0x00000006c9b00000, 0x00000006c9c00000|  0%| F|  |TAMS 0x00000006c9b00000, 0x00000006c9b00000| Untracked 
| 116|0x00000006c9c00000, 0x00000006c9c00000, 0x00000006c9d00000|  0%| F|  |TAMS 0x00000006c9c00000, 0x00000006c9c00000| Untracked 
| 117|0x00000006c9d00000, 0x00000006c9d00000, 0x00000006c9e00000|  0%| F|  |TAMS 0x00000006c9d00000, 0x00000006c9d00000| Untracked 
| 118|0x00000006c9e00000, 0x00000006c9e00000, 0x00000006c9f00000|  0%| F|  |TAMS 0x00000006c9e00000, 0x00000006c9e00000| Untracked 
| 119|0x00000006c9f00000, 0x00000006c9f00000, 0x00000006ca000000|  0%| F|  |TAMS 0x00000006c9f00000, 0x00000006c9f00000| Untracked 
| 120|0x00000006ca000000, 0x00000006ca000000, 0x00000006ca100000|  0%| F|  |TAMS 0x00000006ca000000, 0x00000006ca000000| Untracked 
| 121|0x00000006ca100000, 0x00000006ca100000, 0x00000006ca200000|  0%| F|  |TAMS 0x00000006ca100000, 0x00000006ca100000| Untracked 
| 122|0x00000006ca200000, 0x00000006ca200000, 0x00000006ca300000|  0%| F|  |TAMS 0x00000006ca200000, 0x00000006ca200000| Untracked 
| 123|0x00000006ca300000, 0x00000006ca300000, 0x00000006ca400000|  0%| F|  |TAMS 0x00000006ca300000, 0x00000006ca300000| Untracked 
| 124|0x00000006ca400000, 0x00000006ca400000, 0x00000006ca500000|  0%| F|  |TAMS 0x00000006ca400000, 0x00000006ca400000| Untracked 
| 125|0x00000006ca500000, 0x00000006ca500000, 0x00000006ca600000|  0%| F|  |TAMS 0x00000006ca500000, 0x00000006ca500000| Untracked 
| 126|0x00000006ca600000, 0x00000006ca600000, 0x00000006ca700000|  0%| F|  |TAMS 0x00000006ca600000, 0x00000006ca600000| Untracked 
| 127|0x00000006ca700000, 0x00000006ca700000, 0x00000006ca800000|  0%| F|  |TAMS 0x00000006ca700000, 0x00000006ca700000| Untracked 
| 128|0x00000006ca800000, 0x00000006ca800000, 0x00000006ca900000|  0%| F|  |TAMS 0x00000006ca800000, 0x00000006ca800000| Untracked 
| 129|0x00000006ca900000, 0x00000006ca900000, 0x00000006caa00000|  0%| F|  |TAMS 0x00000006ca900000, 0x00000006ca900000| Untracked 
| 130|0x00000006caa00000, 0x00000006caa00000, 0x00000006cab00000|  0%| F|  |TAMS 0x00000006caa00000, 0x00000006caa00000| Untracked 
| 131|0x00000006cab00000, 0x00000006cab00000, 0x00000006cac00000|  0%| F|  |TAMS 0x00000006cab00000, 0x00000006cab00000| Untracked 
| 132|0x00000006cac00000, 0x00000006cac00000, 0x00000006cad00000|  0%| F|  |TAMS 0x00000006cac00000, 0x00000006cac00000| Untracked 
| 133|0x00000006cad00000, 0x00000006cad00000, 0x00000006cae00000|  0%| F|  |TAMS 0x00000006cad00000, 0x00000006cad00000| Untracked 
| 134|0x00000006cae00000, 0x00000006cae00000, 0x00000006caf00000|  0%| F|  |TAMS 0x00000006cae00000, 0x00000006cae00000| Untracked 
| 135|0x00000006caf00000, 0x00000006caf00000, 0x00000006cb000000|  0%| F|  |TAMS 0x00000006caf00000, 0x00000006caf00000| Untracked 
| 136|0x00000006cb000000, 0x00000006cb000000, 0x00000006cb100000|  0%| F|  |TAMS 0x00000006cb000000, 0x00000006cb000000| Untracked 
| 137|0x00000006cb100000, 0x00000006cb100000, 0x00000006cb200000|  0%| F|  |TAMS 0x00000006cb100000, 0x00000006cb100000| Untracked 
| 138|0x00000006cb200000, 0x00000006cb200000, 0x00000006cb300000|  0%| F|  |TAMS 0x00000006cb200000, 0x00000006cb200000| Untracked 
| 139|0x00000006cb300000, 0x00000006cb300000, 0x00000006cb400000|  0%| F|  |TAMS 0x00000006cb300000, 0x00000006cb300000| Untracked 
| 140|0x00000006cb400000, 0x00000006cb400000, 0x00000006cb500000|  0%| F|  |TAMS 0x00000006cb400000, 0x00000006cb400000| Untracked 
| 141|0x00000006cb500000, 0x00000006cb500000, 0x00000006cb600000|  0%| F|  |TAMS 0x00000006cb500000, 0x00000006cb500000| Untracked 
| 142|0x00000006cb600000, 0x00000006cb600000, 0x00000006cb700000|  0%| F|  |TAMS 0x00000006cb600000, 0x00000006cb600000| Untracked 
| 143|0x00000006cb700000, 0x00000006cb700000, 0x00000006cb800000|  0%| F|  |TAMS 0x00000006cb700000, 0x00000006cb700000| Untracked 
| 144|0x00000006cb800000, 0x00000006cb800000, 0x00000006cb900000|  0%| F|  |TAMS 0x00000006cb800000, 0x00000006cb800000| Untracked 
| 145|0x00000006cb900000, 0x00000006cb900000, 0x00000006cba00000|  0%| F|  |TAMS 0x00000006cb900000, 0x00000006cb900000| Untracked 
| 146|0x00000006cba00000, 0x00000006cba00000, 0x00000006cbb00000|  0%| F|  |TAMS 0x00000006cba00000, 0x00000006cba00000| Untracked 
| 147|0x00000006cbb00000, 0x00000006cbb00000, 0x00000006cbc00000|  0%| F|  |TAMS 0x00000006cbb00000, 0x00000006cbb00000| Untracked 
| 148|0x00000006cbc00000, 0x00000006cbc00000, 0x00000006cbd00000|  0%| F|  |TAMS 0x00000006cbc00000, 0x00000006cbc00000| Untracked 
| 149|0x00000006cbd00000, 0x00000006cbd00000, 0x00000006cbe00000|  0%| F|  |TAMS 0x00000006cbd00000, 0x00000006cbd00000| Untracked 
| 150|0x00000006cbe00000, 0x00000006cbe00000, 0x00000006cbf00000|  0%| F|  |TAMS 0x00000006cbe00000, 0x00000006cbe00000| Untracked 
| 151|0x00000006cbf00000, 0x00000006cbf00000, 0x00000006cc000000|  0%| F|  |TAMS 0x00000006cbf00000, 0x00000006cbf00000| Untracked 
| 152|0x00000006cc000000, 0x00000006cc000000, 0x00000006cc100000|  0%| F|  |TAMS 0x00000006cc000000, 0x00000006cc000000| Untracked 
| 153|0x00000006cc100000, 0x00000006cc100000, 0x00000006cc200000|  0%| F|  |TAMS 0x00000006cc100000, 0x00000006cc100000| Untracked 
| 154|0x00000006cc200000, 0x00000006cc200000, 0x00000006cc300000|  0%| F|  |TAMS 0x00000006cc200000, 0x00000006cc200000| Untracked 
| 155|0x00000006cc300000, 0x00000006cc300000, 0x00000006cc400000|  0%| F|  |TAMS 0x00000006cc300000, 0x00000006cc300000| Untracked 
| 156|0x00000006cc400000, 0x00000006cc400000, 0x00000006cc500000|  0%| F|  |TAMS 0x00000006cc400000, 0x00000006cc400000| Untracked 
| 157|0x00000006cc500000, 0x00000006cc500000, 0x00000006cc600000|  0%| F|  |TAMS 0x00000006cc500000, 0x00000006cc500000| Untracked 
| 158|0x00000006cc600000, 0x00000006cc600000, 0x00000006cc700000|  0%| F|  |TAMS 0x00000006cc600000, 0x00000006cc600000| Untracked 
| 159|0x00000006cc700000, 0x00000006cc700000, 0x00000006cc800000|  0%| F|  |TAMS 0x00000006cc700000, 0x00000006cc700000| Untracked 
| 160|0x00000006cc800000, 0x00000006cc800000, 0x00000006cc900000|  0%| F|  |TAMS 0x00000006cc800000, 0x00000006cc800000| Untracked 
| 161|0x00000006cc900000, 0x00000006cc97b438, 0x00000006cca00000| 48%| S|CS|TAMS 0x00000006cc900000, 0x00000006cc900000| Complete 
| 162|0x00000006cca00000, 0x00000006ccb00000, 0x00000006ccb00000|100%| S|CS|TAMS 0x00000006cca00000, 0x00000006cca00000| Complete 
| 163|0x00000006ccb00000, 0x00000006ccc00000, 0x00000006ccc00000|100%| S|CS|TAMS 0x00000006ccb00000, 0x00000006ccb00000| Complete 
| 164|0x00000006ccc00000, 0x00000006ccd00000, 0x00000006ccd00000|100%| S|CS|TAMS 0x00000006ccc00000, 0x00000006ccc00000| Complete 
| 165|0x00000006ccd00000, 0x00000006cce00000, 0x00000006cce00000|100%| S|CS|TAMS 0x00000006ccd00000, 0x00000006ccd00000| Complete 
| 166|0x00000006cce00000, 0x00000006ccf00000, 0x00000006ccf00000|100%| S|CS|TAMS 0x00000006cce00000, 0x00000006cce00000| Complete 
| 167|0x00000006ccf00000, 0x00000006cd000000, 0x00000006cd000000|100%| S|CS|TAMS 0x00000006ccf00000, 0x00000006ccf00000| Complete 
| 168|0x00000006cd000000, 0x00000006cd100000, 0x00000006cd100000|100%| S|CS|TAMS 0x00000006cd000000, 0x00000006cd000000| Complete 
| 169|0x00000006cd100000, 0x00000006cd200000, 0x00000006cd200000|100%| S|CS|TAMS 0x00000006cd100000, 0x00000006cd100000| Complete 
| 170|0x00000006cd200000, 0x00000006cd300000, 0x00000006cd300000|100%| S|CS|TAMS 0x00000006cd200000, 0x00000006cd200000| Complete 
| 171|0x00000006cd300000, 0x00000006cd400000, 0x00000006cd400000|100%| S|CS|TAMS 0x00000006cd300000, 0x00000006cd300000| Complete 
| 172|0x00000006cd400000, 0x00000006cd500000, 0x00000006cd500000|100%| S|CS|TAMS 0x00000006cd400000, 0x00000006cd400000| Complete 
| 173|0x00000006cd500000, 0x00000006cd600000, 0x00000006cd600000|100%| S|CS|TAMS 0x00000006cd500000, 0x00000006cd500000| Complete 
| 174|0x00000006cd600000, 0x00000006cd700000, 0x00000006cd700000|100%| S|CS|TAMS 0x00000006cd600000, 0x00000006cd600000| Complete 
| 175|0x00000006cd700000, 0x00000006cd800000, 0x00000006cd800000|100%| S|CS|TAMS 0x00000006cd700000, 0x00000006cd700000| Complete 
| 176|0x00000006cd800000, 0x00000006cd800000, 0x00000006cd900000|  0%| F|  |TAMS 0x00000006cd800000, 0x00000006cd800000| Untracked 
| 177|0x00000006cd900000, 0x00000006cd900000, 0x00000006cda00000|  0%| F|  |TAMS 0x00000006cd900000, 0x00000006cd900000| Untracked 
| 178|0x00000006cda00000, 0x00000006cda00000, 0x00000006cdb00000|  0%| F|  |TAMS 0x00000006cda00000, 0x00000006cda00000| Untracked 
| 179|0x00000006cdb00000, 0x00000006cdb00000, 0x00000006cdc00000|  0%| F|  |TAMS 0x00000006cdb00000, 0x00000006cdb00000| Untracked 
| 180|0x00000006cdc00000, 0x00000006cdc00000, 0x00000006cdd00000|  0%| F|  |TAMS 0x00000006cdc00000, 0x00000006cdc00000| Untracked 
| 181|0x00000006cdd00000, 0x00000006cdd00000, 0x00000006cde00000|  0%| F|  |TAMS 0x00000006cdd00000, 0x00000006cdd00000| Untracked 
| 182|0x00000006cde00000, 0x00000006cde00000, 0x00000006cdf00000|  0%| F|  |TAMS 0x00000006cde00000, 0x00000006cde00000| Untracked 
| 183|0x00000006cdf00000, 0x00000006cdf00000, 0x00000006ce000000|  0%| F|  |TAMS 0x00000006cdf00000, 0x00000006cdf00000| Untracked 
| 184|0x00000006ce000000, 0x00000006ce000000, 0x00000006ce100000|  0%| F|  |TAMS 0x00000006ce000000, 0x00000006ce000000| Untracked 
| 185|0x00000006ce100000, 0x00000006ce100000, 0x00000006ce200000|  0%| F|  |TAMS 0x00000006ce100000, 0x00000006ce100000| Untracked 
| 186|0x00000006ce200000, 0x00000006ce200000, 0x00000006ce300000|  0%| F|  |TAMS 0x00000006ce200000, 0x00000006ce200000| Untracked 
| 187|0x00000006ce300000, 0x00000006ce300000, 0x00000006ce400000|  0%| F|  |TAMS 0x00000006ce300000, 0x00000006ce300000| Untracked 
| 188|0x00000006ce400000, 0x00000006ce400000, 0x00000006ce500000|  0%| F|  |TAMS 0x00000006ce400000, 0x00000006ce400000| Untracked 
| 189|0x00000006ce500000, 0x00000006ce500000, 0x00000006ce600000|  0%| F|  |TAMS 0x00000006ce500000, 0x00000006ce500000| Untracked 
| 190|0x00000006ce600000, 0x00000006ce600000, 0x00000006ce700000|  0%| F|  |TAMS 0x00000006ce600000, 0x00000006ce600000| Untracked 
| 191|0x00000006ce700000, 0x00000006ce700000, 0x00000006ce800000|  0%| F|  |TAMS 0x00000006ce700000, 0x00000006ce700000| Untracked 
| 192|0x00000006ce800000, 0x00000006ce800000, 0x00000006ce900000|  0%| F|  |TAMS 0x00000006ce800000, 0x00000006ce800000| Untracked 
| 193|0x00000006ce900000, 0x00000006ce900000, 0x00000006cea00000|  0%| F|  |TAMS 0x00000006ce900000, 0x00000006ce900000| Untracked 
| 194|0x00000006cea00000, 0x00000006cea00000, 0x00000006ceb00000|  0%| F|  |TAMS 0x00000006cea00000, 0x00000006cea00000| Untracked 
| 195|0x00000006ceb00000, 0x00000006ceb00000, 0x00000006cec00000|  0%| F|  |TAMS 0x00000006ceb00000, 0x00000006ceb00000| Untracked 
| 196|0x00000006cec00000, 0x00000006cec00000, 0x00000006ced00000|  0%| F|  |TAMS 0x00000006cec00000, 0x00000006cec00000| Untracked 
| 197|0x00000006ced00000, 0x00000006ced00000, 0x00000006cee00000|  0%| F|  |TAMS 0x00000006ced00000, 0x00000006ced00000| Untracked 
| 198|0x00000006cee00000, 0x00000006cee00000, 0x00000006cef00000|  0%| F|  |TAMS 0x00000006cee00000, 0x00000006cee00000| Untracked 
| 199|0x00000006cef00000, 0x00000006cef00000, 0x00000006cf000000|  0%| F|  |TAMS 0x00000006cef00000, 0x00000006cef00000| Untracked 
| 200|0x00000006cf000000, 0x00000006cf000000, 0x00000006cf100000|  0%| F|  |TAMS 0x00000006cf000000, 0x00000006cf000000| Untracked 
| 201|0x00000006cf100000, 0x00000006cf100000, 0x00000006cf200000|  0%| F|  |TAMS 0x00000006cf100000, 0x00000006cf100000| Untracked 
| 202|0x00000006cf200000, 0x00000006cf200000, 0x00000006cf300000|  0%| F|  |TAMS 0x00000006cf200000, 0x00000006cf200000| Untracked 
| 203|0x00000006cf300000, 0x00000006cf300000, 0x00000006cf400000|  0%| F|  |TAMS 0x00000006cf300000, 0x00000006cf300000| Untracked 
| 204|0x00000006cf400000, 0x00000006cf400000, 0x00000006cf500000|  0%| F|  |TAMS 0x00000006cf400000, 0x00000006cf400000| Untracked 
| 205|0x00000006cf500000, 0x00000006cf500000, 0x00000006cf600000|  0%| F|  |TAMS 0x00000006cf500000, 0x00000006cf500000| Untracked 
| 206|0x00000006cf600000, 0x00000006cf600000, 0x00000006cf700000|  0%| F|  |TAMS 0x00000006cf600000, 0x00000006cf600000| Untracked 
| 207|0x00000006cf700000, 0x00000006cf700000, 0x00000006cf800000|  0%| F|  |TAMS 0x00000006cf700000, 0x00000006cf700000| Untracked 
| 208|0x00000006cf800000, 0x00000006cf800000, 0x00000006cf900000|  0%| F|  |TAMS 0x00000006cf800000, 0x00000006cf800000| Untracked 
| 209|0x00000006cf900000, 0x00000006cf900000, 0x00000006cfa00000|  0%| F|  |TAMS 0x00000006cf900000, 0x00000006cf900000| Untracked 
| 210|0x00000006cfa00000, 0x00000006cfa00000, 0x00000006cfb00000|  0%| F|  |TAMS 0x00000006cfa00000, 0x00000006cfa00000| Untracked 
| 211|0x00000006cfb00000, 0x00000006cfb00000, 0x00000006cfc00000|  0%| F|  |TAMS 0x00000006cfb00000, 0x00000006cfb00000| Untracked 
| 212|0x00000006cfc00000, 0x00000006cfc00000, 0x00000006cfd00000|  0%| F|  |TAMS 0x00000006cfc00000, 0x00000006cfc00000| Untracked 
| 213|0x00000006cfd00000, 0x00000006cfd00000, 0x00000006cfe00000|  0%| F|  |TAMS 0x00000006cfd00000, 0x00000006cfd00000| Untracked 
| 214|0x00000006cfe00000, 0x00000006cfe00000, 0x00000006cff00000|  0%| F|  |TAMS 0x00000006cfe00000, 0x00000006cfe00000| Untracked 
| 215|0x00000006cff00000, 0x00000006cff00000, 0x00000006d0000000|  0%| F|  |TAMS 0x00000006cff00000, 0x00000006cff00000| Untracked 
| 216|0x00000006d0000000, 0x00000006d0000000, 0x00000006d0100000|  0%| F|  |TAMS 0x00000006d0000000, 0x00000006d0000000| Untracked 
| 217|0x00000006d0100000, 0x00000006d0100000, 0x00000006d0200000|  0%| F|  |TAMS 0x00000006d0100000, 0x00000006d0100000| Untracked 
| 218|0x00000006d0200000, 0x00000006d0200000, 0x00000006d0300000|  0%| F|  |TAMS 0x00000006d0200000, 0x00000006d0200000| Untracked 
| 219|0x00000006d0300000, 0x00000006d0300000, 0x00000006d0400000|  0%| F|  |TAMS 0x00000006d0300000, 0x00000006d0300000| Untracked 
| 220|0x00000006d0400000, 0x00000006d0400000, 0x00000006d0500000|  0%| F|  |TAMS 0x00000006d0400000, 0x00000006d0400000| Untracked 
| 221|0x00000006d0500000, 0x00000006d0500000, 0x00000006d0600000|  0%| F|  |TAMS 0x00000006d0500000, 0x00000006d0500000| Untracked 
| 222|0x00000006d0600000, 0x00000006d0600000, 0x00000006d0700000|  0%| F|  |TAMS 0x00000006d0600000, 0x00000006d0600000| Untracked 
| 223|0x00000006d0700000, 0x00000006d0700000, 0x00000006d0800000|  0%| F|  |TAMS 0x00000006d0700000, 0x00000006d0700000| Untracked 
| 224|0x00000006d0800000, 0x00000006d0800000, 0x00000006d0900000|  0%| F|  |TAMS 0x00000006d0800000, 0x00000006d0800000| Untracked 
| 225|0x00000006d0900000, 0x00000006d0900000, 0x00000006d0a00000|  0%| F|  |TAMS 0x00000006d0900000, 0x00000006d0900000| Untracked 
| 226|0x00000006d0a00000, 0x00000006d0a00000, 0x00000006d0b00000|  0%| F|  |TAMS 0x00000006d0a00000, 0x00000006d0a00000| Untracked 
| 227|0x00000006d0b00000, 0x00000006d0b00000, 0x00000006d0c00000|  0%| F|  |TAMS 0x00000006d0b00000, 0x00000006d0b00000| Untracked 
| 228|0x00000006d0c00000, 0x00000006d0c00000, 0x00000006d0d00000|  0%| F|  |TAMS 0x00000006d0c00000, 0x00000006d0c00000| Untracked 
| 229|0x00000006d0d00000, 0x00000006d0d00000, 0x00000006d0e00000|  0%| F|  |TAMS 0x00000006d0d00000, 0x00000006d0d00000| Untracked 
| 230|0x00000006d0e00000, 0x00000006d0e00000, 0x00000006d0f00000|  0%| F|  |TAMS 0x00000006d0e00000, 0x00000006d0e00000| Untracked 
| 231|0x00000006d0f00000, 0x00000006d0f00000, 0x00000006d1000000|  0%| F|  |TAMS 0x00000006d0f00000, 0x00000006d0f00000| Untracked 
| 232|0x00000006d1000000, 0x00000006d1000000, 0x00000006d1100000|  0%| F|  |TAMS 0x00000006d1000000, 0x00000006d1000000| Untracked 
| 233|0x00000006d1100000, 0x00000006d1100000, 0x00000006d1200000|  0%| F|  |TAMS 0x00000006d1100000, 0x00000006d1100000| Untracked 
| 234|0x00000006d1200000, 0x00000006d1200000, 0x00000006d1300000|  0%| F|  |TAMS 0x00000006d1200000, 0x00000006d1200000| Untracked 
| 235|0x00000006d1300000, 0x00000006d1300000, 0x00000006d1400000|  0%| F|  |TAMS 0x00000006d1300000, 0x00000006d1300000| Untracked 
| 236|0x00000006d1400000, 0x00000006d1400000, 0x00000006d1500000|  0%| F|  |TAMS 0x00000006d1400000, 0x00000006d1400000| Untracked 
| 237|0x00000006d1500000, 0x00000006d1500000, 0x00000006d1600000|  0%| F|  |TAMS 0x00000006d1500000, 0x00000006d1500000| Untracked 
| 238|0x00000006d1600000, 0x00000006d1600000, 0x00000006d1700000|  0%| F|  |TAMS 0x00000006d1600000, 0x00000006d1600000| Untracked 
| 239|0x00000006d1700000, 0x00000006d1700000, 0x00000006d1800000|  0%| F|  |TAMS 0x00000006d1700000, 0x00000006d1700000| Untracked 
| 240|0x00000006d1800000, 0x00000006d1800000, 0x00000006d1900000|  0%| F|  |TAMS 0x00000006d1800000, 0x00000006d1800000| Untracked 
| 241|0x00000006d1900000, 0x00000006d1900000, 0x00000006d1a00000|  0%| F|  |TAMS 0x00000006d1900000, 0x00000006d1900000| Untracked 
| 242|0x00000006d1a00000, 0x00000006d1a00000, 0x00000006d1b00000|  0%| F|  |TAMS 0x00000006d1a00000, 0x00000006d1a00000| Untracked 
| 243|0x00000006d1b00000, 0x00000006d1b00000, 0x00000006d1c00000|  0%| F|  |TAMS 0x00000006d1b00000, 0x00000006d1b00000| Untracked 
| 244|0x00000006d1c00000, 0x00000006d1c00000, 0x00000006d1d00000|  0%| F|  |TAMS 0x00000006d1c00000, 0x00000006d1c00000| Untracked 
| 245|0x00000006d1d00000, 0x00000006d1d00000, 0x00000006d1e00000|  0%| F|  |TAMS 0x00000006d1d00000, 0x00000006d1d00000| Untracked 
| 246|0x00000006d1e00000, 0x00000006d1e00000, 0x00000006d1f00000|  0%| F|  |TAMS 0x00000006d1e00000, 0x00000006d1e00000| Untracked 
| 247|0x00000006d1f00000, 0x00000006d1f00000, 0x00000006d2000000|  0%| F|  |TAMS 0x00000006d1f00000, 0x00000006d1f00000| Untracked 
| 248|0x00000006d2000000, 0x00000006d2000000, 0x00000006d2100000|  0%| F|  |TAMS 0x00000006d2000000, 0x00000006d2000000| Untracked 
| 249|0x00000006d2100000, 0x00000006d2100000, 0x00000006d2200000|  0%| F|  |TAMS 0x00000006d2100000, 0x00000006d2100000| Untracked 
| 250|0x00000006d2200000, 0x00000006d2200000, 0x00000006d2300000|  0%| F|  |TAMS 0x00000006d2200000, 0x00000006d2200000| Untracked 
| 251|0x00000006d2300000, 0x00000006d2300000, 0x00000006d2400000|  0%| F|  |TAMS 0x00000006d2300000, 0x00000006d2300000| Untracked 
| 252|0x00000006d2400000, 0x00000006d2400000, 0x00000006d2500000|  0%| F|  |TAMS 0x00000006d2400000, 0x00000006d2400000| Untracked 
| 253|0x00000006d2500000, 0x00000006d2500000, 0x00000006d2600000|  0%| F|  |TAMS 0x00000006d2500000, 0x00000006d2500000| Untracked 
| 254|0x00000006d2600000, 0x00000006d2600000, 0x00000006d2700000|  0%| F|  |TAMS 0x00000006d2600000, 0x00000006d2600000| Untracked 
| 255|0x00000006d2700000, 0x00000006d2700000, 0x00000006d2800000|  0%| F|  |TAMS 0x00000006d2700000, 0x00000006d2700000| Untracked 
| 256|0x00000006d2800000, 0x00000006d2800000, 0x00000006d2900000|  0%| F|  |TAMS 0x00000006d2800000, 0x00000006d2800000| Untracked 
| 257|0x00000006d2900000, 0x00000006d2900000, 0x00000006d2a00000|  0%| F|  |TAMS 0x00000006d2900000, 0x00000006d2900000| Untracked 
| 258|0x00000006d2a00000, 0x00000006d2a00000, 0x00000006d2b00000|  0%| F|  |TAMS 0x00000006d2a00000, 0x00000006d2a00000| Untracked 
| 259|0x00000006d2b00000, 0x00000006d2b00000, 0x00000006d2c00000|  0%| F|  |TAMS 0x00000006d2b00000, 0x00000006d2b00000| Untracked 
| 260|0x00000006d2c00000, 0x00000006d2c00000, 0x00000006d2d00000|  0%| F|  |TAMS 0x00000006d2c00000, 0x00000006d2c00000| Untracked 
| 261|0x00000006d2d00000, 0x00000006d2d00000, 0x00000006d2e00000|  0%| F|  |TAMS 0x00000006d2d00000, 0x00000006d2d00000| Untracked 
| 262|0x00000006d2e00000, 0x00000006d2e00000, 0x00000006d2f00000|  0%| F|  |TAMS 0x00000006d2e00000, 0x00000006d2e00000| Untracked 
| 263|0x00000006d2f00000, 0x00000006d2f00000, 0x00000006d3000000|  0%| F|  |TAMS 0x00000006d2f00000, 0x00000006d2f00000| Untracked 
| 264|0x00000006d3000000, 0x00000006d3000000, 0x00000006d3100000|  0%| F|  |TAMS 0x00000006d3000000, 0x00000006d3000000| Untracked 
| 265|0x00000006d3100000, 0x00000006d3100000, 0x00000006d3200000|  0%| F|  |TAMS 0x00000006d3100000, 0x00000006d3100000| Untracked 
| 266|0x00000006d3200000, 0x00000006d3200000, 0x00000006d3300000|  0%| F|  |TAMS 0x00000006d3200000, 0x00000006d3200000| Untracked 
| 267|0x00000006d3300000, 0x00000006d3300000, 0x00000006d3400000|  0%| F|  |TAMS 0x00000006d3300000, 0x00000006d3300000| Untracked 
| 268|0x00000006d3400000, 0x00000006d3400000, 0x00000006d3500000|  0%| F|  |TAMS 0x00000006d3400000, 0x00000006d3400000| Untracked 
| 269|0x00000006d3500000, 0x00000006d3500000, 0x00000006d3600000|  0%| F|  |TAMS 0x00000006d3500000, 0x00000006d3500000| Untracked 
| 270|0x00000006d3600000, 0x00000006d3600000, 0x00000006d3700000|  0%| F|  |TAMS 0x00000006d3600000, 0x00000006d3600000| Untracked 
| 271|0x00000006d3700000, 0x00000006d3700000, 0x00000006d3800000|  0%| F|  |TAMS 0x00000006d3700000, 0x00000006d3700000| Untracked 
| 272|0x00000006d3800000, 0x00000006d3800000, 0x00000006d3900000|  0%| F|  |TAMS 0x00000006d3800000, 0x00000006d3800000| Untracked 
| 273|0x00000006d3900000, 0x00000006d3900000, 0x00000006d3a00000|  0%| F|  |TAMS 0x00000006d3900000, 0x00000006d3900000| Untracked 
| 274|0x00000006d3a00000, 0x00000006d3a00000, 0x00000006d3b00000|  0%| F|  |TAMS 0x00000006d3a00000, 0x00000006d3a00000| Untracked 
| 275|0x00000006d3b00000, 0x00000006d3b00000, 0x00000006d3c00000|  0%| F|  |TAMS 0x00000006d3b00000, 0x00000006d3b00000| Untracked 
| 276|0x00000006d3c00000, 0x00000006d3c00000, 0x00000006d3d00000|  0%| F|  |TAMS 0x00000006d3c00000, 0x00000006d3c00000| Untracked 
| 277|0x00000006d3d00000, 0x00000006d3d00000, 0x00000006d3e00000|  0%| F|  |TAMS 0x00000006d3d00000, 0x00000006d3d00000| Untracked 
| 278|0x00000006d3e00000, 0x00000006d3e00000, 0x00000006d3f00000|  0%| F|  |TAMS 0x00000006d3e00000, 0x00000006d3e00000| Untracked 
| 279|0x00000006d3f00000, 0x00000006d3f00000, 0x00000006d4000000|  0%| F|  |TAMS 0x00000006d3f00000, 0x00000006d3f00000| Untracked 
| 280|0x00000006d4000000, 0x00000006d4000000, 0x00000006d4100000|  0%| F|  |TAMS 0x00000006d4000000, 0x00000006d4000000| Untracked 
| 281|0x00000006d4100000, 0x00000006d4100000, 0x00000006d4200000|  0%| F|  |TAMS 0x00000006d4100000, 0x00000006d4100000| Untracked 
| 282|0x00000006d4200000, 0x00000006d4200000, 0x00000006d4300000|  0%| F|  |TAMS 0x00000006d4200000, 0x00000006d4200000| Untracked 
| 283|0x00000006d4300000, 0x00000006d4300000, 0x00000006d4400000|  0%| F|  |TAMS 0x00000006d4300000, 0x00000006d4300000| Untracked 
| 284|0x00000006d4400000, 0x00000006d4400000, 0x00000006d4500000|  0%| F|  |TAMS 0x00000006d4400000, 0x00000006d4400000| Untracked 
| 285|0x00000006d4500000, 0x00000006d4500000, 0x00000006d4600000|  0%| F|  |TAMS 0x00000006d4500000, 0x00000006d4500000| Untracked 
| 286|0x00000006d4600000, 0x00000006d4600000, 0x00000006d4700000|  0%| F|  |TAMS 0x00000006d4600000, 0x00000006d4600000| Untracked 
| 287|0x00000006d4700000, 0x00000006d4700000, 0x00000006d4800000|  0%| F|  |TAMS 0x00000006d4700000, 0x00000006d4700000| Untracked 
| 288|0x00000006d4800000, 0x00000006d4800000, 0x00000006d4900000|  0%| F|  |TAMS 0x00000006d4800000, 0x00000006d4800000| Untracked 
| 289|0x00000006d4900000, 0x00000006d4900000, 0x00000006d4a00000|  0%| F|  |TAMS 0x00000006d4900000, 0x00000006d4900000| Untracked 
| 290|0x00000006d4a00000, 0x00000006d4a00000, 0x00000006d4b00000|  0%| F|  |TAMS 0x00000006d4a00000, 0x00000006d4a00000| Untracked 
| 291|0x00000006d4b00000, 0x00000006d4b00000, 0x00000006d4c00000|  0%| F|  |TAMS 0x00000006d4b00000, 0x00000006d4b00000| Untracked 
| 292|0x00000006d4c00000, 0x00000006d4c00000, 0x00000006d4d00000|  0%| F|  |TAMS 0x00000006d4c00000, 0x00000006d4c00000| Untracked 
| 293|0x00000006d4d00000, 0x00000006d4d00000, 0x00000006d4e00000|  0%| F|  |TAMS 0x00000006d4d00000, 0x00000006d4d00000| Untracked 
| 294|0x00000006d4e00000, 0x00000006d4e00000, 0x00000006d4f00000|  0%| F|  |TAMS 0x00000006d4e00000, 0x00000006d4e00000| Untracked 
| 295|0x00000006d4f00000, 0x00000006d4f00000, 0x00000006d5000000|  0%| F|  |TAMS 0x00000006d4f00000, 0x00000006d4f00000| Untracked 
| 296|0x00000006d5000000, 0x00000006d5000000, 0x00000006d5100000|  0%| F|  |TAMS 0x00000006d5000000, 0x00000006d5000000| Untracked 
| 297|0x00000006d5100000, 0x00000006d5100000, 0x00000006d5200000|  0%| F|  |TAMS 0x00000006d5100000, 0x00000006d5100000| Untracked 
| 298|0x00000006d5200000, 0x00000006d5200000, 0x00000006d5300000|  0%| F|  |TAMS 0x00000006d5200000, 0x00000006d5200000| Untracked 
| 299|0x00000006d5300000, 0x00000006d5300000, 0x00000006d5400000|  0%| F|  |TAMS 0x00000006d5300000, 0x00000006d5300000| Untracked 
| 300|0x00000006d5400000, 0x00000006d5400000, 0x00000006d5500000|  0%| F|  |TAMS 0x00000006d5400000, 0x00000006d5400000| Untracked 
| 301|0x00000006d5500000, 0x00000006d5500000, 0x00000006d5600000|  0%| F|  |TAMS 0x00000006d5500000, 0x00000006d5500000| Untracked 
| 302|0x00000006d5600000, 0x00000006d5600000, 0x00000006d5700000|  0%| F|  |TAMS 0x00000006d5600000, 0x00000006d5600000| Untracked 
| 303|0x00000006d5700000, 0x00000006d5700000, 0x00000006d5800000|  0%| F|  |TAMS 0x00000006d5700000, 0x00000006d5700000| Untracked 
| 304|0x00000006d5800000, 0x00000006d5800000, 0x00000006d5900000|  0%| F|  |TAMS 0x00000006d5800000, 0x00000006d5800000| Untracked 
| 305|0x00000006d5900000, 0x00000006d5900000, 0x00000006d5a00000|  0%| F|  |TAMS 0x00000006d5900000, 0x00000006d5900000| Untracked 
| 306|0x00000006d5a00000, 0x00000006d5a00000, 0x00000006d5b00000|  0%| F|  |TAMS 0x00000006d5a00000, 0x00000006d5a00000| Untracked 
| 307|0x00000006d5b00000, 0x00000006d5b00000, 0x00000006d5c00000|  0%| F|  |TAMS 0x00000006d5b00000, 0x00000006d5b00000| Untracked 
| 308|0x00000006d5c00000, 0x00000006d5c00000, 0x00000006d5d00000|  0%| F|  |TAMS 0x00000006d5c00000, 0x00000006d5c00000| Untracked 
| 309|0x00000006d5d00000, 0x00000006d5d00000, 0x00000006d5e00000|  0%| F|  |TAMS 0x00000006d5d00000, 0x00000006d5d00000| Untracked 
| 310|0x00000006d5e00000, 0x00000006d5e00000, 0x00000006d5f00000|  0%| F|  |TAMS 0x00000006d5e00000, 0x00000006d5e00000| Untracked 
| 311|0x00000006d5f00000, 0x00000006d5f00000, 0x00000006d6000000|  0%| F|  |TAMS 0x00000006d5f00000, 0x00000006d5f00000| Untracked 
| 312|0x00000006d6000000, 0x00000006d6000000, 0x00000006d6100000|  0%| F|  |TAMS 0x00000006d6000000, 0x00000006d6000000| Untracked 
| 313|0x00000006d6100000, 0x00000006d6100000, 0x00000006d6200000|  0%| F|  |TAMS 0x00000006d6100000, 0x00000006d6100000| Untracked 
| 314|0x00000006d6200000, 0x00000006d6200000, 0x00000006d6300000|  0%| F|  |TAMS 0x00000006d6200000, 0x00000006d6200000| Untracked 
| 315|0x00000006d6300000, 0x00000006d6300000, 0x00000006d6400000|  0%| F|  |TAMS 0x00000006d6300000, 0x00000006d6300000| Untracked 
| 316|0x00000006d6400000, 0x00000006d6400000, 0x00000006d6500000|  0%| F|  |TAMS 0x00000006d6400000, 0x00000006d6400000| Untracked 
| 317|0x00000006d6500000, 0x00000006d6500000, 0x00000006d6600000|  0%| F|  |TAMS 0x00000006d6500000, 0x00000006d6500000| Untracked 

Card table byte_map: [0x00000179809f0000,0x00000179813e0000] _byte_map_base: 0x000001797d3dc000

Marking Bits (Prev, Next): (CMBitMap*) 0x00000179e7bfee08, (CMBitMap*) 0x00000179e7bfee40
 Prev Bits: [0x0000017981dd0000, 0x0000017986d30000)
 Next Bits: [0x0000017986d30000, 0x000001798bc90000)

Polling page: 0x00000179e5ad0000

Metaspace:

Usage:
  Non-class:     50.97 MB capacity,    50.26 MB ( 99%) used,   569.11 KB (  1%) free+waste,   162.31 KB ( <1%) overhead. 
      Class:      7.72 MB capacity,     7.23 MB ( 94%) used,   426.34 KB (  5%) free+waste,    74.31 KB ( <1%) overhead. 
       Both:     58.70 MB capacity,    57.49 MB ( 98%) used,   995.45 KB (  2%) free+waste,   236.63 KB ( <1%) overhead. 

Virtual space:
  Non-class space:       52.00 MB reserved,      51.00 MB ( 98%) committed 
      Class space:        1.00 GB reserved,       7.75 MB ( <1%) committed 
             Both:        1.05 GB reserved,      58.75 MB (  5%) committed 

Chunk freelists:
   Non-Class:  28.00 KB
       Class:  28.00 KB
        Both:  56.00 KB

MaxMetaspaceSize: 17179869184.00 GB
CompressedClassSpaceSize: 1.00 GB
Initial GC threshold: 20.80 MB
Current GC threshold: 58.75 MB
CDS: off

CodeHeap 'non-profiled nmethods': size=120000Kb used=3235Kb max_used=3235Kb free=116764Kb
 bounds [0x00000179f7e60000, 0x00000179f8190000, 0x00000179ff390000]
CodeHeap 'profiled nmethods': size=120000Kb used=11288Kb max_used=11288Kb free=108711Kb
 bounds [0x00000179f0930000, 0x00000179f1440000, 0x00000179f7e60000]
CodeHeap 'non-nmethods': size=5760Kb used=1265Kb max_used=1300Kb free=4494Kb
 bounds [0x00000179f0390000, 0x00000179f0600000, 0x00000179f0930000]
 total_blobs=5597 nmethods=5049 adapters=460
 compilation: enabled
              stopped_count=0, restarted_count=0
 full_count=0

Compilation events (20 events):
Event: 5.217 Thread 0x000001798e902800 5048       1       org.hibernate.persister.entity.AbstractEntityPersister::getEntityKeyDefinition (5 bytes)
Event: 5.217 Thread 0x000001798e902800 nmethod 5048 0x00000179f8188790 code [0x00000179f8188940, 0x00000179f81889f8]
Event: 5.217 Thread 0x000001798e902800 5049       1       org.hibernate.type.EntityType::isEntityType (2 bytes)
Event: 5.217 Thread 0x000001798e902800 nmethod 5049 0x00000179f8188a90 code [0x00000179f8188c40, 0x00000179f8188cf8]
Event: 5.217 Thread 0x000001798e902800 5050       3       org.hibernate.persister.entity.AbstractEntityPersister::getEntityPersister (2 bytes)
Event: 5.217 Thread 0x000001798e902800 nmethod 5050 0x00000179f1431690 code [0x00000179f1431840, 0x00000179f1431938]
Event: 5.217 Thread 0x000001798e902800 5051       3       org.hibernate.loader.plan.build.internal.returns.AbstractEntityReference::getEntityPersister (10 bytes)
Event: 5.218 Thread 0x000001798e902800 nmethod 5051 0x00000179f1431a10 code [0x00000179f1431be0, 0x00000179f1431ed8]
Event: 5.218 Thread 0x000001798e902800 5052       3       org.hibernate.loader.plan.build.internal.returns.AbstractEntityReference::expandingEntityQuerySpace (8 bytes)
Event: 5.218 Thread 0x000001798e902800 nmethod 5052 0x00000179f1432010 code [0x00000179f14321c0, 0x00000179f14323f8]
Event: 5.218 Thread 0x000001798e902800 5053       3       org.hibernate.loader.plan.build.internal.AbstractLoadPlanBuildingAssociationVisitationStrategy::currentSource (11 bytes)
Event: 5.218 Thread 0x000001798e902800 nmethod 5053 0x00000179f1432490 code [0x00000179f1432660, 0x00000179f14329f8]
Event: 5.220 Thread 0x000001798e902800 5054       3       org.hibernate.internal.util.StringHelper::replace (56 bytes)
Event: 5.220 Thread 0x000001798e902800 nmethod 5054 0x00000179f1432b90 code [0x00000179f1432da0, 0x00000179f1433178]
Event: 5.220 Thread 0x000001798e902800 5055       3       org.hibernate.internal.util.StringHelper::indexOfPlaceHolder (74 bytes)
Event: 5.221 Thread 0x000001798e902800 nmethod 5055 0x00000179f1433390 code [0x00000179f1433660, 0x00000179f14344f8]
Event: 5.226 Thread 0x000001798e902800 5056       3       java.util.Locale::getVariant (8 bytes)
Event: 5.226 Thread 0x000001798e902800 nmethod 5056 0x00000179f1434a90 code [0x00000179f1434c40, 0x00000179f1434d78]
Event: 5.237 Thread 0x000001798e902800 5057   !   3       org.jboss.logging.Log4j2Logger::doLog (75 bytes)
Event: 5.238 Thread 0x000001798e902800 nmethod 5057 0x00000179f1434e10 code [0x00000179f14350a0, 0x00000179f1435ce8]

GC Heap History (11 events):
Event: 0.635 GC heap before
{Heap before GC invocations=0 (full 0):
 garbage-first heap   total 325632K, used 24576K [0x00000006c2800000, 0x0000000800000000)
  region size 1024K, 24 young (24576K), 0 survivors (0K)
 Metaspace       used 12371K, capacity 12605K, committed 12928K, reserved 1060864K
  class space    used 1202K, capacity 1286K, committed 1408K, reserved 1048576K
}
Event: 0.638 GC heap after
{Heap after GC invocations=1 (full 0):
 garbage-first heap   total 325632K, used 7428K [0x00000006c2800000, 0x0000000800000000)
  region size 1024K, 3 young (3072K), 3 survivors (3072K)
 Metaspace       used 12371K, capacity 12605K, committed 12928K, reserved 1060864K
  class space    used 1202K, capacity 1286K, committed 1408K, reserved 1048576K
}
Event: 1.168 GC heap before
{Heap before GC invocations=1 (full 0):
 garbage-first heap   total 325632K, used 47364K [0x00000006c2800000, 0x0000000800000000)
  region size 1024K, 43 young (44032K), 3 survivors (3072K)
 Metaspace       used 20639K, capacity 21120K, committed 21248K, reserved 1069056K
  class space    used 2257K, capacity 2447K, committed 2560K, reserved 1048576K
}
Event: 1.174 GC heap after
{Heap after GC invocations=2 (full 0):
 garbage-first heap   total 325632K, used 9609K [0x00000006c2800000, 0x0000000800000000)
  region size 1024K, 6 young (6144K), 6 survivors (6144K)
 Metaspace       used 20639K, capacity 21120K, committed 21248K, reserved 1069056K
  class space    used 2257K, capacity 2447K, committed 2560K, reserved 1048576K
}
Event: 1.513 GC heap before
{Heap before GC invocations=3 (full 0):
 garbage-first heap   total 325632K, used 49545K [0x00000006c2800000, 0x0000000800000000)
  region size 1024K, 46 young (47104K), 6 survivors (6144K)
 Metaspace       used 25864K, capacity 26545K, committed 26752K, reserved 1073152K
  class space    used 2939K, capacity 3187K, committed 3200K, reserved 1048576K
}
Event: 1.517 GC heap after
{Heap after GC invocations=4 (full 0):
 garbage-first heap   total 325632K, used 11198K [0x00000006c2800000, 0x0000000800000000)
  region size 1024K, 4 young (4096K), 4 survivors (4096K)
 Metaspace       used 25864K, capacity 26545K, committed 26752K, reserved 1073152K
  class space    used 2939K, capacity 3187K, committed 3200K, reserved 1048576K
}
Event: 2.114 GC heap before
{Heap before GC invocations=4 (full 0):
 garbage-first heap   total 325632K, used 74686K [0x00000006c2800000, 0x0000000800000000)
  region size 1024K, 67 young (68608K), 4 survivors (4096K)
 Metaspace       used 30734K, capacity 31447K, committed 31488K, reserved 1077248K
  class space    used 3516K, capacity 3800K, committed 3840K, reserved 1048576K
}
Event: 2.119 GC heap after
{Heap after GC invocations=5 (full 0):
 garbage-first heap   total 325632K, used 13758K [0x00000006c2800000, 0x0000000800000000)
  region size 1024K, 7 young (7168K), 7 survivors (7168K)
 Metaspace       used 30734K, capacity 31447K, committed 31488K, reserved 1077248K
  class space    used 3516K, capacity 3800K, committed 3840K, reserved 1048576K
}
Event: 2.670 GC heap before
{Heap before GC invocations=5 (full 0):
 garbage-first heap   total 325632K, used 53694K [0x00000006c2800000, 0x0000000800000000)
  region size 1024K, 47 young (48128K), 7 survivors (7168K)
 Metaspace       used 34927K, capacity 35709K, committed 35840K, reserved 1081344K
  class space    used 4051K, capacity 4359K, committed 4480K, reserved 1048576K
}
Event: 2.677 GC heap after
{Heap after GC invocations=6 (full 0):
 garbage-first heap   total 325632K, used 14739K [0x00000006c2800000, 0x0000000800000000)
  region size 1024K, 8 young (8192K), 8 survivors (8192K)
 Metaspace       used 34927K, capacity 35709K, committed 35840K, reserved 1081344K
  class space    used 4051K, capacity 4359K, committed 4480K, reserved 1048576K
}
Event: 5.248 GC heap before
{Heap before GC invocations=7 (full 0):
 garbage-first heap   total 325632K, used 150931K [0x00000006c2800000, 0x0000000800000000)
  region size 1024K, 142 young (145408K), 8 survivors (8192K)
 Metaspace       used 58871K, capacity 60104K, committed 60160K, reserved 1101824K
  class space    used 7407K, capacity 7908K, committed 7936K, reserved 1048576K
}

Deoptimization events (20 events):
Event: 4.693 Thread 0x00000179e7b8d000 Uncommon trap: trap_request=0xffffffc6 fr.pc=0x00000179f80f9e0c relative=0x0000000000000b4c
Event: 4.693 Thread 0x00000179e7b8d000 Uncommon trap: reason=bimorphic_or_optimized_type_check action=maybe_recompile pc=0x00000179f80f9e0c method=java.security.MessageDigest$Delegate.engineUpdate([BII)V @ 7 c2
Event: 4.693 Thread 0x00000179e7b8d000 DEOPT PACKING pc=0x00000179f80f9e0c sp=0x00000015b8efe060
Event: 4.693 Thread 0x00000179e7b8d000 DEOPT UNPACKING pc=0x00000179f03da1af sp=0x00000015b8efe028 mode 2
Event: 4.693 Thread 0x00000179e7b8d000 Uncommon trap: trap_request=0xffffffde fr.pc=0x00000179f811f5f8 relative=0x0000000000000418
Event: 4.693 Thread 0x00000179e7b8d000 Uncommon trap: reason=class_check action=maybe_recompile pc=0x00000179f811f5f8 method=java.security.MessageDigest$Delegate.engineDigest()[B @ 4 c2
Event: 4.693 Thread 0x00000179e7b8d000 DEOPT PACKING pc=0x00000179f811f5f8 sp=0x00000015b8efe090
Event: 4.693 Thread 0x00000179e7b8d000 DEOPT UNPACKING pc=0x00000179f03da1af sp=0x00000015b8efe078 mode 2
Event: 4.693 Thread 0x00000179e7b8d000 Uncommon trap: trap_request=0xffffffde fr.pc=0x00000179f8120b00 relative=0x0000000000000420
Event: 4.693 Thread 0x00000179e7b8d000 Uncommon trap: reason=class_check action=maybe_recompile pc=0x00000179f8120b00 method=sun.security.provider.DigestBase.engineDigest([BII)I @ 97 c2
Event: 4.693 Thread 0x00000179e7b8d000 DEOPT PACKING pc=0x00000179f8120b00 sp=0x00000015b8efe020
Event: 4.693 Thread 0x00000179e7b8d000 DEOPT UNPACKING pc=0x00000179f03da1af sp=0x00000015b8efdf78 mode 2
Event: 4.694 Thread 0x00000179e7b8d000 Uncommon trap: trap_request=0xffffffde fr.pc=0x00000179f811ca44 relative=0x00000000000003e4
Event: 4.694 Thread 0x00000179e7b8d000 Uncommon trap: reason=class_check action=maybe_recompile pc=0x00000179f811ca44 method=sun.security.provider.DigestBase.engineDigest([BII)I @ 97 c2
Event: 4.694 Thread 0x00000179e7b8d000 DEOPT PACKING pc=0x00000179f811ca44 sp=0x00000015b8efdfa0
Event: 4.694 Thread 0x00000179e7b8d000 DEOPT UNPACKING pc=0x00000179f03da1af sp=0x00000015b8efdf70 mode 2
Event: 5.050 Thread 0x00000179e7b8d000 Uncommon trap: trap_request=0xffffff4d fr.pc=0x00000179f7fc6634 relative=0x0000000000000734
Event: 5.050 Thread 0x00000179e7b8d000 Uncommon trap: reason=unstable_if action=reinterpret pc=0x00000179f7fc6634 method=java.util.HashMap$HashIterator.<init>(Ljava/util/HashMap;)V @ 45 c2
Event: 5.050 Thread 0x00000179e7b8d000 DEOPT PACKING pc=0x00000179f7fc6634 sp=0x00000015b8efbe10
Event: 5.050 Thread 0x00000179e7b8d000 DEOPT UNPACKING pc=0x00000179f03da1af sp=0x00000015b8efbca0 mode 2

Classes redefined (0 events):
No events

Internal exceptions (20 events):
Event: 3.555 Thread 0x00000179e7b8d000 Exception <a 'java/io/FileNotFoundException'{0x00000006d328d940}> (0x00000006d328d940) thrown at [./src/hotspot/share/prims/jni.cpp, line 617]
Event: 3.591 Thread 0x00000179e7b8d000 Exception <a 'java/security/PrivilegedActionException'{0x00000006d2f3eef8}> (0x00000006d2f3eef8) thrown at [./src/hotspot/share/prims/jvm.cpp, line 1306]
Event: 3.591 Thread 0x00000179e7b8d000 Exception <a 'java/security/PrivilegedActionException'{0x00000006d2f3f718}> (0x00000006d2f3f718) thrown at [./src/hotspot/share/prims/jvm.cpp, line 1306]
Event: 3.704 Thread 0x00000179e7b8d000 Implicit null exception at 0x00000179f7ffb223 to 0x00000179f7ffb458
Event: 3.711 Thread 0x00000179e7b8d000 Exception <a 'java/security/PrivilegedActionException'{0x00000006d2af34b8}> (0x00000006d2af34b8) thrown at [./src/hotspot/share/prims/jvm.cpp, line 1306]
Event: 3.711 Thread 0x00000179e7b8d000 Exception <a 'java/security/PrivilegedActionException'{0x00000006d2af3a30}> (0x00000006d2af3a30) thrown at [./src/hotspot/share/prims/jvm.cpp, line 1306]
Event: 3.715 Thread 0x00000179e7b8d000 Exception <a 'java/security/PrivilegedActionException'{0x00000006d292abc0}> (0x00000006d292abc0) thrown at [./src/hotspot/share/prims/jvm.cpp, line 1306]
Event: 3.715 Thread 0x00000179e7b8d000 Exception <a 'java/security/PrivilegedActionException'{0x00000006d292b138}> (0x00000006d292b138) thrown at [./src/hotspot/share/prims/jvm.cpp, line 1306]
Event: 3.723 Thread 0x00000179e7b8d000 Exception <a 'java/security/PrivilegedActionException'{0x00000006d297e938}> (0x00000006d297e938) thrown at [./src/hotspot/share/prims/jvm.cpp, line 1306]
Event: 3.723 Thread 0x00000179e7b8d000 Exception <a 'java/security/PrivilegedActionException'{0x00000006d297eeb0}> (0x00000006d297eeb0) thrown at [./src/hotspot/share/prims/jvm.cpp, line 1306]
Event: 4.263 Thread 0x00000179e7b8d000 Exception <a 'sun/nio/fs/WindowsException'{0x00000006d0f746e8}> (0x00000006d0f746e8) thrown at [./src/hotspot/share/prims/jni.cpp, line 617]
Event: 4.492 Thread 0x00000179e7b8d000 Exception <a 'java/lang/NoSuchMethodError'{0x00000006d05573b8}: 'java.lang.Object java.lang.invoke.DirectMethodHandle$Holder.invokeStaticInit(java.lang.Object, java.lang.Object, java.lang.Object, java.lang.Object)'> (0x00000006d05573b8) thrown at [./src/hotspot/share/interpreter/linkResolver.cpp, line 773]
Event: 4.735 Thread 0x00000179e7b8d000 Exception <a 'java/lang/NoSuchMethodError'{0x00000006cf9a95c8}: 'java.lang.Object java.lang.invoke.DirectMethodHandle$Holder.newInvokeSpecial(java.lang.Object, java.lang.Object, int, java.lang.Object, java.lang.Object)'> (0x00000006cf9a95c8) thrown at [./src/hotspot/share/interpreter/linkResolver.cpp, line 773]
Event: 4.825 Thread 0x00000179e7b8d000 Exception <a 'java/security/PrivilegedActionException'{0x00000006cf381ef8}> (0x00000006cf381ef8) thrown at [./src/hotspot/share/prims/jvm.cpp, line 1306]
Event: 4.825 Thread 0x00000179e7b8d000 Exception <a 'java/security/PrivilegedActionException'{0x00000006cf382470}> (0x00000006cf382470) thrown at [./src/hotspot/share/prims/jvm.cpp, line 1306]
Event: 4.826 Thread 0x00000179e7b8d000 Exception <a 'java/security/PrivilegedActionException'{0x00000006cf386a00}> (0x00000006cf386a00) thrown at [./src/hotspot/share/prims/jvm.cpp, line 1306]
Event: 4.826 Thread 0x00000179e7b8d000 Exception <a 'java/security/PrivilegedActionException'{0x00000006cf386f78}> (0x00000006cf386f78) thrown at [./src/hotspot/share/prims/jvm.cpp, line 1306]
Event: 5.163 Thread 0x00000179e7b8d000 Exception <a 'java/lang/NoSuchMethodError'{0x00000006cde604e0}: 'void java.lang.invoke.DirectMethodHandle$Holder.invokeInterface(java.lang.Object, java.lang.Object)'> (0x00000006cde604e0) thrown at [./src/hotspot/share/interpreter/linkResolver.cpp, line 773]
Event: 5.174 Thread 0x00000179e7b8d000 Exception <a 'java/lang/NoSuchMethodError'{0x00000006cdd1fa00}: 'java.lang.Object java.lang.invoke.DirectMethodHandle$Holder.invokeStaticInit(java.lang.Object, java.lang.Object, java.lang.Object, java.lang.Object, int, int)'> (0x00000006cdd1fa00) thrown at [./src/hotspot/share/interpreter/linkResolver.cpp, line 773]
Event: 5.184 Thread 0x00000179e7b8d000 Exception <a 'java/lang/NoSuchMethodError'{0x00000006cddfbc80}: 'void java.lang.invoke.DirectMethodHandle$Holder.invokeStaticInit(java.lang.Object, java.lang.Object, java.lang.Object, java.lang.Object)'> (0x00000006cddfbc80) thrown at [./src/hotspot/share/interpreter/linkResolver.cpp, line 773]

Events (20 events):
Event: 5.246 loading class org/hibernate/tool/schema/internal/exec/JdbcContext done
Event: 5.246 loading class org/hibernate/tool/schema/internal/ExceptionHandlerLoggedImpl
Event: 5.246 loading class org/hibernate/tool/schema/internal/ExceptionHandlerLoggedImpl done
Event: 5.247 loading class org/hibernate/tool/schema/spi/CommandAcceptanceException
Event: 5.247 loading class org/hibernate/tool/schema/spi/CommandAcceptanceException done
Event: 5.247 loading class org/hibernate/tool/schema/spi/SchemaManagementToolCoordinator$1
Event: 5.247 loading class org/hibernate/tool/schema/spi/SchemaManagementToolCoordinator$1 done
Event: 5.247 loading class org/hibernate/tool/schema/spi/SchemaManagementToolCoordinator$4
Event: 5.247 loading class org/hibernate/tool/schema/spi/SchemaManagementToolCoordinator$4 done
Event: 5.247 loading class org/hibernate/tool/schema/spi/SchemaManagementToolCoordinator$MigrateSettingSelector
Event: 5.247 loading class org/hibernate/tool/schema/spi/SchemaManagementToolCoordinator$MigrateSettingSelector done
Event: 5.247 loading class org/hibernate/tool/schema/SourceType
Event: 5.247 loading class org/hibernate/tool/schema/SourceType done
Event: 5.247 loading class org/hibernate/tool/schema/spi/SchemaManagementToolCoordinator$2
Event: 5.247 loading class org/hibernate/tool/schema/spi/SchemaManagementToolCoordinator$2 done
Event: 5.248 loading class org/hibernate/tool/schema/TargetType
Event: 5.248 loading class org/hibernate/tool/schema/TargetType done
Event: 5.248 loading class org/hibernate/tool/schema/JdbcMetadaAccessStrategy
Event: 5.248 loading class org/hibernate/tool/schema/JdbcMetadaAccessStrategy done
Event: 5.248 Executing VM operation: CollectForMetadataAllocation


Dynamic libraries:
0x00007ff7d9030000 - 0x00007ff7d903d000 	C:\Users\viche\.jdks\azul-11.0.18\bin\java.exe
0x00007fffe1f90000 - 0x00007fffe21a4000 	C:\WINDOWS\SYSTEM32\ntdll.dll
0x00007fffe1120000 - 0x00007fffe11e3000 	C:\WINDOWS\System32\KERNEL32.DLL
0x00007fffdf810000 - 0x00007fffdfbac000 	C:\WINDOWS\System32\KERNELBASE.dll
0x00007fffdf440000 - 0x00007fffdf551000 	C:\WINDOWS\System32\ucrtbase.dll
0x00007fffda9f0000 - 0x00007fffdaa07000 	C:\Users\viche\.jdks\azul-11.0.18\bin\jli.dll
0x00007fffda990000 - 0x00007fffda9a5000 	C:\Users\viche\.jdks\azul-11.0.18\bin\VCRUNTIME140.dll
0x00007fffe0c20000 - 0x00007fffe0dcd000 	C:\WINDOWS\System32\USER32.dll
0x00007fffb08e0000 - 0x00007fffb0b6e000 	C:\WINDOWS\WinSxS\amd64_microsoft.windows.common-controls_6595b64144ccf1df_6.0.22621.608_none_a9444ca7c10bb01d\COMCTL32.dll
0x00007fffdf600000 - 0x00007fffdf626000 	C:\WINDOWS\System32\win32u.dll
0x00007fffe1300000 - 0x00007fffe13a7000 	C:\WINDOWS\System32\msvcrt.dll
0x00007fffe1ca0000 - 0x00007fffe1cc9000 	C:\WINDOWS\System32\GDI32.dll
0x00007fffdf6f0000 - 0x00007fffdf802000 	C:\WINDOWS\System32\gdi32full.dll
0x00007fffdf560000 - 0x00007fffdf5fa000 	C:\WINDOWS\System32\msvcp_win.dll
0x00007fffe0590000 - 0x00007fffe05c2000 	C:\WINDOWS\System32\IMM32.DLL
0x00007fffac4e0000 - 0x00007fffac57b000 	C:\Users\viche\.jdks\azul-11.0.18\bin\msvcp140.dll
0x00007fff5ca30000 - 0x00007fff5d5c6000 	C:\Users\viche\.jdks\azul-11.0.18\bin\server\jvm.dll
0x00007fffe1070000 - 0x00007fffe111e000 	C:\WINDOWS\System32\ADVAPI32.dll
0x00007fffe0770000 - 0x00007fffe0814000 	C:\WINDOWS\System32\sechost.dll
0x00007fffe08c0000 - 0x00007fffe09d5000 	C:\WINDOWS\System32\RPCRT4.dll
0x00007fffe08b0000 - 0x00007fffe08b8000 	C:\WINDOWS\System32\PSAPI.DLL
0x00007fffbcc40000 - 0x00007fffbcc49000 	C:\WINDOWS\SYSTEM32\WSOCK32.dll
0x00007fffd86e0000 - 0x00007fffd8714000 	C:\WINDOWS\SYSTEM32\WINMM.dll
0x00007fffd6f70000 - 0x00007fffd6f7a000 	C:\WINDOWS\SYSTEM32\VERSION.dll
0x00007fffe06f0000 - 0x00007fffe0761000 	C:\WINDOWS\System32\WS2_32.dll
0x00007fffde3e0000 - 0x00007fffde3f8000 	C:\WINDOWS\SYSTEM32\kernel.appcore.dll
0x00007fffd9c10000 - 0x00007fffd9c20000 	C:\Users\viche\.jdks\azul-11.0.18\bin\verify.dll
0x00007fffdcd80000 - 0x00007fffdcfae000 	C:\WINDOWS\SYSTEM32\DBGHELP.DLL
0x00007fffe1490000 - 0x00007fffe181a000 	C:\WINDOWS\System32\combase.dll
0x00007fffe13b0000 - 0x00007fffe1487000 	C:\WINDOWS\System32\OLEAUT32.dll
0x00007fffc4170000 - 0x00007fffc41a2000 	C:\WINDOWS\SYSTEM32\dbgcore.DLL
0x00007fffdfbb0000 - 0x00007fffdfc2b000 	C:\WINDOWS\System32\bcryptPrimitives.dll
0x00007fffce6c0000 - 0x00007fffce6e8000 	C:\Users\viche\.jdks\azul-11.0.18\bin\java.dll
0x00007fffd8d80000 - 0x00007fffd8d8a000 	C:\Users\viche\.jdks\azul-11.0.18\bin\jimage.dll
0x00007fffcec80000 - 0x00007fffcec8e000 	C:\Users\viche\.jdks\azul-11.0.18\bin\instrument.dll
0x00007fffcdbb0000 - 0x00007fffcdbc8000 	C:\Users\viche\.jdks\azul-11.0.18\bin\zip.dll
0x00007fffdfda0000 - 0x00007fffe058f000 	C:\WINDOWS\System32\SHELL32.dll
0x00007fffdd3a0000 - 0x00007fffddc68000 	C:\WINDOWS\SYSTEM32\windows.storage.dll
0x00007fffdd260000 - 0x00007fffdd39e000 	C:\WINDOWS\SYSTEM32\wintypes.dll
0x00007fffe0f70000 - 0x00007fffe1061000 	C:\WINDOWS\System32\SHCORE.dll
0x00007fffe1ef0000 - 0x00007fffe1f4e000 	C:\WINDOWS\System32\shlwapi.dll
0x00007fffdf300000 - 0x00007fffdf321000 	C:\WINDOWS\SYSTEM32\profapi.dll
0x00007fffcd650000 - 0x00007fffcd669000 	C:\Users\viche\.jdks\azul-11.0.18\bin\net.dll
0x00007fffd8930000 - 0x00007fffd8a5f000 	C:\WINDOWS\SYSTEM32\WINHTTP.dll
0x00007fffde840000 - 0x00007fffde8a9000 	C:\WINDOWS\system32\mswsock.dll
0x00007fffcd600000 - 0x00007fffcd613000 	C:\Users\viche\.jdks\azul-11.0.18\bin\nio.dll
0x00007fffcb730000 - 0x00007fffcb74a000 	C:\Program Files\JetBrains\IntelliJ IDEA Community Edition 2022.1.1\bin\breakgen64.dll
0x00007fffce970000 - 0x00007fffce979000 	C:\Users\viche\.jdks\azul-11.0.18\bin\management.dll
0x00007fffce420000 - 0x00007fffce42b000 	C:\Users\viche\.jdks\azul-11.0.18\bin\management_ext.dll
0x00007fffabf50000 - 0x00007fffabf67000 	C:\WINDOWS\system32\napinsp.dll
0x00007fffabe20000 - 0x00007fffabe3b000 	C:\WINDOWS\system32\pnrpnsp.dll
0x00007fffddf30000 - 0x00007fffde023000 	C:\WINDOWS\SYSTEM32\DNSAPI.dll
0x00007fffddec0000 - 0x00007fffddeed000 	C:\WINDOWS\SYSTEM32\IPHLPAPI.DLL
0x00007fffe0bb0000 - 0x00007fffe0bb9000 	C:\WINDOWS\System32\NSI.dll
0x00007fffabe00000 - 0x00007fffabe11000 	C:\WINDOWS\System32\winrnr.dll
0x00007fffabe50000 - 0x00007fffabe65000 	C:\WINDOWS\system32\wshbth.dll
0x00007fffab340000 - 0x00007fffab361000 	C:\WINDOWS\system32\nlansp_c.dll
0x00007fffd6bb0000 - 0x00007fffd6bba000 	C:\Windows\System32\rasadhlp.dll
0x00007fffd7e40000 - 0x00007fffd7ec3000 	C:\WINDOWS\System32\fwpuclnt.dll
0x00007fffdeb60000 - 0x00007fffdeb7b000 	C:\WINDOWS\SYSTEM32\CRYPTSP.dll
0x00007fffde350000 - 0x00007fffde385000 	C:\WINDOWS\system32\rsaenh.dll
0x00007fffde8e0000 - 0x00007fffde908000 	C:\WINDOWS\SYSTEM32\USERENV.dll
0x00007fffded70000 - 0x00007fffded98000 	C:\WINDOWS\SYSTEM32\bcrypt.dll
0x00007fffdeb40000 - 0x00007fffdeb4c000 	C:\WINDOWS\SYSTEM32\CRYPTBASE.dll
0x00007fffd9020000 - 0x00007fffd9039000 	C:\WINDOWS\SYSTEM32\dhcpcsvc6.DLL
0x00007fffd8720000 - 0x00007fffd873f000 	C:\WINDOWS\SYSTEM32\dhcpcsvc.DLL
0x00007fffcd630000 - 0x00007fffcd63e000 	C:\Users\viche\.jdks\azul-11.0.18\bin\sunmscapi.dll
0x00007fffdfc30000 - 0x00007fffdfd96000 	C:\WINDOWS\System32\CRYPT32.dll
0x00007fffded40000 - 0x00007fffded6d000 	C:\WINDOWS\SYSTEM32\ncrypt.dll
0x00007fffded00000 - 0x00007fffded37000 	C:\WINDOWS\SYSTEM32\NTASN1.dll
0x00007fffc7780000 - 0x00007fffc77a5000 	C:\Users\viche\.jdks\azul-11.0.18\bin\sunec.dll

dbghelp: loaded successfully - version: 4.0.5 - missing functions: none
symbol engine: initialized successfully - sym options: 0x614 - pdb path: .;C:\Users\viche\.jdks\azul-11.0.18\bin;C:\WINDOWS\SYSTEM32;C:\WINDOWS\WinSxS\amd64_microsoft.windows.common-controls_6595b64144ccf1df_6.0.22621.608_none_a9444ca7c10bb01d;C:\Users\viche\.jdks\azul-11.0.18\bin\server;C:\Program Files\JetBrains\IntelliJ IDEA Community Edition 2022.1.1\bin

VM Arguments:
jvm_args: -javaagent:C:\Program Files\JetBrains\IntelliJ IDEA Community Edition 2022.1.1\lib\idea_rt.jar=64770:C:\Program Files\JetBrains\IntelliJ IDEA Community Edition 2022.1.1\bin -Dfile.encoding=UTF-8 
java_command: br.com.imobio.ImobioApplication
java_class_path (initial): C:\gitHub\testes-tecnicos\bio-park\Imobio\target\classes;C:\Users\viche\.m2\repository\org\springframework\boot\spring-boot-starter-data-jpa\2.5.9\spring-boot-starter-data-jpa-2.5.9.jar;C:\Users\viche\.m2\repository\org\springframework\boot\spring-boot-starter-aop\2.5.9\spring-boot-starter-aop-2.5.9.jar;C:\Users\viche\.m2\repository\org\springframework\spring-aop\5.3.15\spring-aop-5.3.15.jar;C:\Users\viche\.m2\repository\org\aspectj\aspectjweaver\1.9.7\aspectjweaver-1.9.7.jar;C:\Users\viche\.m2\repository\org\springframework\boot\spring-boot-starter-jdbc\2.5.9\spring-boot-starter-jdbc-2.5.9.jar;C:\Users\viche\.m2\repository\com\zaxxer\HikariCP\4.0.3\HikariCP-4.0.3.jar;C:\Users\viche\.m2\repository\org\springframework\spring-jdbc\5.3.15\spring-jdbc-5.3.15.jar;C:\Users\viche\.m2\repository\jakarta\transaction\jakarta.transaction-api\1.3.3\jakarta.transaction-api-1.3.3.jar;C:\Users\viche\.m2\repository\jakarta\persistence\jakarta.persistence-api\2.2.3\jakarta.persistence-api-2.2.3.jar;C:\Users\viche\.m2\repository\org\hibernate\hibernate-core\5.4.33\hibernate-core-5.4.33.jar;C:\Users\viche\.m2\repository\org\jboss\logging\jboss-logging\3.4.3.Final\jboss-logging-3.4.3.Final.jar;C:\Users\viche\.m2\repository\org\javassist\javassist\3.27.0-GA\javassist-3.27.0-GA.jar;C:\Users\viche\.m2\repository\net\bytebuddy\byte-buddy\1.10.22\byte-buddy-1.10.22.jar;C:\Users\viche\.m2\repository\antlr\antlr\2.7.7\antlr-2.7.7.jar;C:\Users\viche\.m2\repository\org\jboss\jandex\2.2.3.Final\jandex-2.2.3.Final.jar;C:\Users\viche\.m2\repository\org\dom4j\dom4j\2.1.3\dom4j-2.1.3.jar;C:\Users\viche\.m2\repository\org\hibernate\common\hibernate-commons-annotations\5.1.2.Final\hibernate-commons-annotations-5.1.2.Final.jar;C:\Users\viche\.m2\repository\org\glassfish\jaxb\jaxb-runtime\2.3.5\jaxb-runtime-2.3.5.jar;C:\Users\viche\.m2\repository\org\glassfish\jaxb\txw2\2.3.5\txw2-2.3.5.jar;C:\Users\viche\.m2\repository\com\sun\istack\istack-commons-runtime\3.0.12\istack-com
Launcher Type: SUN_STANDARD

[Global flags]
     intx CICompilerCount                          = 4                                         {product} {ergonomic}
     uint ConcGCThreads                            = 2                                         {product} {ergonomic}
     uint G1ConcRefinementThreads                  = 8                                         {product} {ergonomic}
   size_t G1HeapRegionSize                         = 1048576                                   {product} {ergonomic}
    uintx GCDrainStackTargetSize                   = 64                                        {product} {ergonomic}
   size_t InitialHeapSize                          = 333447168                                 {product} {ergonomic}
   size_t MarkStackSize                            = 4194304                                   {product} {ergonomic}
   size_t MaxHeapSize                              = 5326766080                                {product} {ergonomic}
   size_t MaxNewSize                               = 3196059648                                {product} {ergonomic}
   size_t MinHeapDeltaBytes                        = 1048576                                   {product} {ergonomic}
    uintx NonNMethodCodeHeapSize                   = 5836300                                {pd product} {ergonomic}
    uintx NonProfiledCodeHeapSize                  = 122910970                              {pd product} {ergonomic}
    uintx ProfiledCodeHeapSize                     = 122910970                              {pd product} {ergonomic}
    uintx ReservedCodeCacheSize                    = 251658240                              {pd product} {ergonomic}
     bool SegmentedCodeCache                       = true                                      {product} {ergonomic}
     bool UseCompressedClassPointers               = true                                 {lp64_product} {ergonomic}
     bool UseCompressedOops                        = true                                 {lp64_product} {ergonomic}
     bool UseG1GC                                  = true                                      {product} {ergonomic}
     bool UseLargePagesIndividualAllocation        = false                                  {pd product} {ergonomic}

Logging:
Log output configuration:
 #0: stdout all=warning uptime,level,tags
 #1: stderr all=off uptime,level,tags

Environment Variables:
JAVA_HOME=C:\Program Files\Java\jdk-11.0.13
JRE_HOME=C:\Program Files\Java\jre1.8.0_311
CLASSPATH=.
PATH=C:\app\viche\product\21c\dbhomeXE\bin;C:\Program Files\Common Files\Oracle\Java\javapath;C:\Program Files (x86)\Common Files\Oracle\Java\javapath;C:\Windows\system32;C:\Windows;C:\Windows\System32\Wbem;C:\Windows\System32\WindowsPowerShell\v1.0\;C:\Windows\System32\OpenSSH\;C:\Program Files (x86)\NVIDIA Corporation\PhysX\Common;C:\Program Files\NVIDIA Corporation\NVIDIA NvDLISR;C:\Program Files\PuTTY\;C:\Program Files\Git\cmd;C:\Program Files\Java\jdk-11.0.13\bin;C:\dev\tools\apache-maven-3.8.6\bin;;C:\WINDOWS\system32;C:\WINDOWS;C:\WINDOWS\System32\Wbem;C:\WINDOWS\System32\WindowsPowerShell\v1.0\;C:\WINDOWS\System32\OpenSSH\;C:\Program Files\nodejs\;C:\Program Files\Docker\Docker\resources\bin;C:\Program Files\Microsoft SQL Server\Client SDK\ODBC\110\Tools\Binn\;C:\Program Files (x86)\Microsoft SQL Server\120\Tools\Binn\;C:\Program Files\Microsoft SQL Server\120\Tools\Binn\;C:\Program Files\Microsoft SQL Server\120\DTS\Binn\;C:\Program Files (x86)\Microsoft SQL Server\120\Tools\Binn\ManagementStudio\;C:\Program Files (x86)\Microsoft SQL Server\120\DTS\Binn\;C:\Users\viche\AppData\Local\Microsoft\WindowsApps;C:\Program Files\JetBrains\IntelliJ IDEA Community Edition 2021.3.3\bin;;C:\Users\viche\AppData\Local\GitHubDesktop\bin;C:\Program Files\heroku\bin;C:\Users\viche\AppData\Local\Programs\Microsoft VS Code\bin;C:\Users\viche\AppData\Roaming\npm;C:\dev\tools\gradle-8.0\bin;
USERNAME=viche
OS=Windows_NT
PROCESSOR_IDENTIFIER=Intel64 Family 6 Model 142 Stepping 12, GenuineIntel
TMP=C:\Users\viche\AppData\Local\Temp
TEMP=C:\Users\viche\AppData\Local\Temp



---------------  S Y S T E M  ---------------

OS: Windows 11 , 64 bit Build 22621 (10.0.22621.1194)
OS uptime: 17 days 17:23 hours
Hyper-V role detected

CPU:total 8 (initial active 8) (4 cores per cpu, 2 threads per core) family 6 model 142 stepping 12 microcode 0xec, cmov, cx8, fxsr, mmx, sse, sse2, sse3, ssse3, sse4.1, sse4.2, popcnt, avx, avx2, aes, clmul, erms, 3dnowpref, lzcnt, ht, tsc, tscinvbit, bmi1, bmi2, adx, fma

Memory: 4k page, system-wide physical 20313M (3042M free)
TotalPageFile size 32601M (AvailPageFile size 28M)
current process WorkingSet (physical memory assigned to process): 354M, peak: 354M
current process commit charge ("private bytes"): 549M, peak: 611M

vm_info: OpenJDK 64-Bit Server VM (11.0.18+10-LTS) for windows-amd64 JRE (Zulu11.62+17-CA) (11.0.18+10-LTS), built on Jan  4 2023 15:02:54 by "zulu_re" with MS VC++ 15.9 (VS2017)

END.
